{"numFailedTestSuites":38,"numFailedTests":27,"numPassedTestSuites":10,"numPassedTests":92,"numPendingTestSuites":0,"numPendingTests":0,"numRuntimeErrorTestSuites":30,"numTodoTests":0,"numTotalTestSuites":48,"numTotalTests":119,"openHandles":[],"snapshot":{"added":0,"didUpdate":false,"failure":false,"filesAdded":0,"filesRemoved":0,"filesRemovedList":[],"filesUnmatched":0,"filesUpdated":0,"matched":0,"total":0,"unchecked":0,"uncheckedKeysByFile":[],"unmatched":0,"updated":0},"startTime":1753353948364,"success":false,"testResults":[{"assertionResults":[{"ancestorTitles":["EditorContent","Rendering"],"duration":96,"failing":false,"failureDetails":[],"failureMessages":[],"fullName":"EditorContent Rendering renders document content correctly","invocations":1,"location":null,"numPassingAsserts":1,"retryReasons":[],"startAt":1753353955661,"status":"passed","title":"renders document content correctly"},{"ancestorTitles":["EditorContent","Rendering"],"duration":19,"failing":false,"failureDetails":[],"failureMessages":[],"fullName":"EditorContent Rendering renders multi-paragraph document correctly","invocations":1,"location":null,"numPassingAsserts":2,"retryReasons":[],"startAt":1753353955758,"status":"passed","title":"renders multi-paragraph document correctly"},{"ancestorTitles":["EditorContent","Key Events"],"duration":260,"failing":false,"failureDetails":[{"matcherResult":{"message":"\u001b[2mexpect(\u001b[22m\u001b[31mjest.fn()\u001b[39m\u001b[2m).\u001b[22mtoHaveBeenCalled\u001b[2m()\u001b[22m\n\nExpected number of calls: >= \u001b[32m1\u001b[39m\nReceived number of calls:    \u001b[31m0\u001b[39m","pass":false}}],"failureMessages":["Error: \u001b[2mexpect(\u001b[22m\u001b[31mjest.fn()\u001b[39m\u001b[2m).\u001b[22mtoHaveBeenCalled\u001b[2m()\u001b[22m\n\nExpected number of calls: >= \u001b[32m1\u001b[39m\nReceived number of calls:    \u001b[31m0\u001b[39m\n    at toHaveBeenCalled (D:\\BlogPro\\client\\src\\plugins\\texteditor\\__tests__\\EditorContent.test.tsx:186:34)\n    at Generator.call (D:\\BlogPro\\client\\src\\plugins\\texteditor\\__tests__\\EditorContent.test.tsx:2:1)\n    at Generator._invoke [as next] (D:\\BlogPro\\client\\src\\plugins\\texteditor\\__tests__\\EditorContent.test.tsx:2:1)\n    at asyncGeneratorStep (D:\\BlogPro\\client\\src\\plugins\\texteditor\\__tests__\\EditorContent.test.tsx:2:1)\n    at asyncGeneratorStep (D:\\BlogPro\\client\\src\\plugins\\texteditor\\__tests__\\EditorContent.test.tsx:2:1)"],"fullName":"EditorContent Key Events handles Enter key press","invocations":1,"location":null,"numPassingAsserts":1,"retryReasons":[],"startAt":1753353955778,"status":"failed","title":"handles Enter key press"},{"ancestorTitles":["EditorContent","Key Events"],"duration":117,"failing":false,"failureDetails":[{"matcherResult":{"message":"\u001b[2mexpect(\u001b[22m\u001b[31mjest.fn()\u001b[39m\u001b[2m).\u001b[22mtoHaveBeenCalled\u001b[2m()\u001b[22m\n\nExpected number of calls: >= \u001b[32m1\u001b[39m\nReceived number of calls:    \u001b[31m0\u001b[39m","pass":false}}],"failureMessages":["Error: \u001b[2mexpect(\u001b[22m\u001b[31mjest.fn()\u001b[39m\u001b[2m).\u001b[22mtoHaveBeenCalled\u001b[2m()\u001b[22m\n\nExpected number of calls: >= \u001b[32m1\u001b[39m\nReceived number of calls:    \u001b[31m0\u001b[39m\n    at toHaveBeenCalled (D:\\BlogPro\\client\\src\\plugins\\texteditor\\__tests__\\EditorContent.test.tsx:220:30)\n    at Generator.call (D:\\BlogPro\\client\\src\\plugins\\texteditor\\__tests__\\EditorContent.test.tsx:2:1)\n    at Generator._invoke [as next] (D:\\BlogPro\\client\\src\\plugins\\texteditor\\__tests__\\EditorContent.test.tsx:2:1)\n    at asyncGeneratorStep (D:\\BlogPro\\client\\src\\plugins\\texteditor\\__tests__\\EditorContent.test.tsx:2:1)\n    at asyncGeneratorStep (D:\\BlogPro\\client\\src\\plugins\\texteditor\\__tests__\\EditorContent.test.tsx:2:1)"],"fullName":"EditorContent Key Events handles Backspace key press","invocations":1,"location":null,"numPassingAsserts":1,"retryReasons":[],"startAt":1753353956077,"status":"failed","title":"handles Backspace key press"},{"ancestorTitles":["EditorContent","Key Events"],"duration":20,"failing":false,"failureDetails":[],"failureMessages":[],"fullName":"EditorContent Key Events handles beforeInput event for paragraph insertion","invocations":1,"location":null,"numPassingAsserts":1,"retryReasons":[],"startAt":1753353956195,"status":"passed","title":"handles beforeInput event for paragraph insertion"},{"ancestorTitles":["EditorContent","Input Handling"],"duration":69,"failing":false,"failureDetails":[],"failureMessages":[],"fullName":"EditorContent Input Handling handles paste events","invocations":1,"location":null,"numPassingAsserts":2,"retryReasons":[],"startAt":1753353956215,"status":"passed","title":"handles paste events"},{"ancestorTitles":["EditorContent","Input Handling"],"duration":10,"failing":false,"failureDetails":[],"failureMessages":[],"fullName":"EditorContent Input Handling handles paste events with HTML content","invocations":1,"location":null,"numPassingAsserts":2,"retryReasons":[],"startAt":1753353956288,"status":"passed","title":"handles paste events with HTML content"},{"ancestorTitles":["EditorContent","Input Handling"],"duration":33,"failing":false,"failureDetails":[{"matcherResult":{"message":"\u001b[2mexpect(\u001b[22m\u001b[31mjest.fn()\u001b[39m\u001b[2m).\u001b[22mtoHaveBeenCalledWith\u001b[2m(\u001b[22m\u001b[32m...expected\u001b[39m\u001b[2m)\u001b[22m\n\nExpected: \u001b[32m\"Hello World\"\u001b[39m\n\nNumber of calls: \u001b[31m0\u001b[39m","pass":false}}],"failureMessages":["Error: \u001b[2mexpect(\u001b[22m\u001b[31mjest.fn()\u001b[39m\u001b[2m).\u001b[22mtoHaveBeenCalledWith\u001b[2m(\u001b[22m\u001b[32m...expected\u001b[39m\u001b[2m)\u001b[22m\n\nExpected: \u001b[32m\"Hello World\"\u001b[39m\n\nNumber of calls: \u001b[31m0\u001b[39m\n    at Object.toHaveBeenCalledWith (D:\\BlogPro\\client\\src\\plugins\\texteditor\\__tests__\\EditorContent.test.tsx:355:30)\n    at Promise.finally.completed (C:\\Users\\New\\AppData\\Local\\npm-cache\\_npx\\b8d86e6551a4f492\\node_modules\\jest-circus\\build\\jestAdapterInit.js:1559:28)\n    at new Promise (<anonymous>)\n    at callAsyncCircusFn (C:\\Users\\New\\AppData\\Local\\npm-cache\\_npx\\b8d86e6551a4f492\\node_modules\\jest-circus\\build\\jestAdapterInit.js:1499:10)\n    at _callCircusTest (C:\\Users\\New\\AppData\\Local\\npm-cache\\_npx\\b8d86e6551a4f492\\node_modules\\jest-circus\\build\\jestAdapterInit.js:1009:40)\n    at _runTest (C:\\Users\\New\\AppData\\Local\\npm-cache\\_npx\\b8d86e6551a4f492\\node_modules\\jest-circus\\build\\jestAdapterInit.js:949:3)\n    at _runTestsForDescribeBlock (C:\\Users\\New\\AppData\\Local\\npm-cache\\_npx\\b8d86e6551a4f492\\node_modules\\jest-circus\\build\\jestAdapterInit.js:839:13)\n    at _runTestsForDescribeBlock (C:\\Users\\New\\AppData\\Local\\npm-cache\\_npx\\b8d86e6551a4f492\\node_modules\\jest-circus\\build\\jestAdapterInit.js:829:11)\n    at _runTestsForDescribeBlock (C:\\Users\\New\\AppData\\Local\\npm-cache\\_npx\\b8d86e6551a4f492\\node_modules\\jest-circus\\build\\jestAdapterInit.js:829:11)\n    at run (C:\\Users\\New\\AppData\\Local\\npm-cache\\_npx\\b8d86e6551a4f492\\node_modules\\jest-circus\\build\\jestAdapterInit.js:757:3)\n    at runAndTransformResultsToJestFormat (C:\\Users\\New\\AppData\\Local\\npm-cache\\_npx\\b8d86e6551a4f492\\node_modules\\jest-circus\\build\\jestAdapterInit.js:1920:21)\n    at jestAdapter (C:\\Users\\New\\AppData\\Local\\npm-cache\\_npx\\b8d86e6551a4f492\\node_modules\\jest-circus\\build\\runner.js:101:19)\n    at runTestInternal (C:\\Users\\New\\AppData\\Local\\npm-cache\\_npx\\b8d86e6551a4f492\\node_modules\\jest-runner\\build\\testWorker.js:275:16)\n    at runTest (C:\\Users\\New\\AppData\\Local\\npm-cache\\_npx\\b8d86e6551a4f492\\node_modules\\jest-runner\\build\\testWorker.js:343:7)\n    at Object.worker (C:\\Users\\New\\AppData\\Local\\npm-cache\\_npx\\b8d86e6551a4f492\\node_modules\\jest-runner\\build\\testWorker.js:497:12)"],"fullName":"EditorContent Input Handling handles text input events","invocations":1,"location":null,"numPassingAsserts":1,"retryReasons":[],"startAt":1753353956298,"status":"failed","title":"handles text input events"},{"ancestorTitles":["EditorContent","Input Handling"],"duration":24,"failing":false,"failureDetails":[],"failureMessages":[],"fullName":"EditorContent Input Handling handles IME input for Asian languages","invocations":1,"location":null,"numPassingAsserts":2,"retryReasons":[],"startAt":1753353956334,"status":"passed","title":"handles IME input for Asian languages"},{"ancestorTitles":["EditorContent","Input Handling"],"duration":23,"failing":false,"failureDetails":[],"failureMessages":[],"fullName":"EditorContent Input Handling handles IME input for Japanese characters","invocations":1,"location":null,"numPassingAsserts":2,"retryReasons":[],"startAt":1753353956358,"status":"passed","title":"handles IME input for Japanese characters"},{"ancestorTitles":["EditorContent","Selection Handling"],"duration":12,"failing":false,"failureDetails":[{"matcherResult":{"message":"\u001b[2mexpect(\u001b[22m\u001b[31mjest.fn()\u001b[39m\u001b[2m).\u001b[22mtoHaveBeenCalled\u001b[2m()\u001b[22m\n\nExpected number of calls: >= \u001b[32m1\u001b[39m\nReceived number of calls:    \u001b[31m0\u001b[39m","pass":false}}],"failureMessages":["Error: \u001b[2mexpect(\u001b[22m\u001b[31mjest.fn()\u001b[39m\u001b[2m).\u001b[22mtoHaveBeenCalled\u001b[2m()\u001b[22m\n\nExpected number of calls: >= \u001b[32m1\u001b[39m\nReceived number of calls:    \u001b[31m0\u001b[39m\n    at Object.toHaveBeenCalled (D:\\BlogPro\\client\\src\\plugins\\texteditor\\__tests__\\EditorContent.test.tsx:456:41)\n    at Promise.finally.completed (C:\\Users\\New\\AppData\\Local\\npm-cache\\_npx\\b8d86e6551a4f492\\node_modules\\jest-circus\\build\\jestAdapterInit.js:1559:28)\n    at new Promise (<anonymous>)\n    at callAsyncCircusFn (C:\\Users\\New\\AppData\\Local\\npm-cache\\_npx\\b8d86e6551a4f492\\node_modules\\jest-circus\\build\\jestAdapterInit.js:1499:10)\n    at _callCircusTest (C:\\Users\\New\\AppData\\Local\\npm-cache\\_npx\\b8d86e6551a4f492\\node_modules\\jest-circus\\build\\jestAdapterInit.js:1009:40)\n    at _runTest (C:\\Users\\New\\AppData\\Local\\npm-cache\\_npx\\b8d86e6551a4f492\\node_modules\\jest-circus\\build\\jestAdapterInit.js:949:3)\n    at _runTestsForDescribeBlock (C:\\Users\\New\\AppData\\Local\\npm-cache\\_npx\\b8d86e6551a4f492\\node_modules\\jest-circus\\build\\jestAdapterInit.js:839:13)\n    at _runTestsForDescribeBlock (C:\\Users\\New\\AppData\\Local\\npm-cache\\_npx\\b8d86e6551a4f492\\node_modules\\jest-circus\\build\\jestAdapterInit.js:829:11)\n    at _runTestsForDescribeBlock (C:\\Users\\New\\AppData\\Local\\npm-cache\\_npx\\b8d86e6551a4f492\\node_modules\\jest-circus\\build\\jestAdapterInit.js:829:11)\n    at run (C:\\Users\\New\\AppData\\Local\\npm-cache\\_npx\\b8d86e6551a4f492\\node_modules\\jest-circus\\build\\jestAdapterInit.js:757:3)\n    at runAndTransformResultsToJestFormat (C:\\Users\\New\\AppData\\Local\\npm-cache\\_npx\\b8d86e6551a4f492\\node_modules\\jest-circus\\build\\jestAdapterInit.js:1920:21)\n    at jestAdapter (C:\\Users\\New\\AppData\\Local\\npm-cache\\_npx\\b8d86e6551a4f492\\node_modules\\jest-circus\\build\\runner.js:101:19)\n    at runTestInternal (C:\\Users\\New\\AppData\\Local\\npm-cache\\_npx\\b8d86e6551a4f492\\node_modules\\jest-runner\\build\\testWorker.js:275:16)\n    at runTest (C:\\Users\\New\\AppData\\Local\\npm-cache\\_npx\\b8d86e6551a4f492\\node_modules\\jest-runner\\build\\testWorker.js:343:7)\n    at Object.worker (C:\\Users\\New\\AppData\\Local\\npm-cache\\_npx\\b8d86e6551a4f492\\node_modules\\jest-runner\\build\\testWorker.js:497:12)"],"fullName":"EditorContent Selection Handling handles selection changes","invocations":1,"location":null,"numPassingAsserts":1,"retryReasons":[],"startAt":1753353956382,"status":"failed","title":"handles selection changes"},{"ancestorTitles":["EditorContent","Selection Handling"],"duration":10,"failing":false,"failureDetails":[{"matcherResult":{"message":"\u001b[2mexpect(\u001b[22m\u001b[31mjest.fn()\u001b[39m\u001b[2m).\u001b[22mtoHaveBeenCalled\u001b[2m()\u001b[22m\n\nExpected number of calls: >= \u001b[32m1\u001b[39m\nReceived number of calls:    \u001b[31m0\u001b[39m","pass":false}}],"failureMessages":["Error: \u001b[2mexpect(\u001b[22m\u001b[31mjest.fn()\u001b[39m\u001b[2m).\u001b[22mtoHaveBeenCalled\u001b[2m()\u001b[22m\n\nExpected number of calls: >= \u001b[32m1\u001b[39m\nReceived number of calls:    \u001b[31m0\u001b[39m\n    at Object.toHaveBeenCalled (D:\\BlogPro\\client\\src\\plugins\\texteditor\\__tests__\\EditorContent.test.tsx:487:41)\n    at Promise.finally.completed (C:\\Users\\New\\AppData\\Local\\npm-cache\\_npx\\b8d86e6551a4f492\\node_modules\\jest-circus\\build\\jestAdapterInit.js:1559:28)\n    at new Promise (<anonymous>)\n    at callAsyncCircusFn (C:\\Users\\New\\AppData\\Local\\npm-cache\\_npx\\b8d86e6551a4f492\\node_modules\\jest-circus\\build\\jestAdapterInit.js:1499:10)\n    at _callCircusTest (C:\\Users\\New\\AppData\\Local\\npm-cache\\_npx\\b8d86e6551a4f492\\node_modules\\jest-circus\\build\\jestAdapterInit.js:1009:40)\n    at _runTest (C:\\Users\\New\\AppData\\Local\\npm-cache\\_npx\\b8d86e6551a4f492\\node_modules\\jest-circus\\build\\jestAdapterInit.js:949:3)\n    at _runTestsForDescribeBlock (C:\\Users\\New\\AppData\\Local\\npm-cache\\_npx\\b8d86e6551a4f492\\node_modules\\jest-circus\\build\\jestAdapterInit.js:839:13)\n    at _runTestsForDescribeBlock (C:\\Users\\New\\AppData\\Local\\npm-cache\\_npx\\b8d86e6551a4f492\\node_modules\\jest-circus\\build\\jestAdapterInit.js:829:11)\n    at _runTestsForDescribeBlock (C:\\Users\\New\\AppData\\Local\\npm-cache\\_npx\\b8d86e6551a4f492\\node_modules\\jest-circus\\build\\jestAdapterInit.js:829:11)\n    at run (C:\\Users\\New\\AppData\\Local\\npm-cache\\_npx\\b8d86e6551a4f492\\node_modules\\jest-circus\\build\\jestAdapterInit.js:757:3)\n    at runAndTransformResultsToJestFormat (C:\\Users\\New\\AppData\\Local\\npm-cache\\_npx\\b8d86e6551a4f492\\node_modules\\jest-circus\\build\\jestAdapterInit.js:1920:21)\n    at jestAdapter (C:\\Users\\New\\AppData\\Local\\npm-cache\\_npx\\b8d86e6551a4f492\\node_modules\\jest-circus\\build\\runner.js:101:19)\n    at runTestInternal (C:\\Users\\New\\AppData\\Local\\npm-cache\\_npx\\b8d86e6551a4f492\\node_modules\\jest-runner\\build\\testWorker.js:275:16)\n    at runTest (C:\\Users\\New\\AppData\\Local\\npm-cache\\_npx\\b8d86e6551a4f492\\node_modules\\jest-runner\\build\\testWorker.js:343:7)\n    at Object.worker (C:\\Users\\New\\AppData\\Local\\npm-cache\\_npx\\b8d86e6551a4f492\\node_modules\\jest-runner\\build\\testWorker.js:497:12)"],"fullName":"EditorContent Selection Handling handles selection across paragraphs","invocations":1,"location":null,"numPassingAsserts":0,"retryReasons":[],"startAt":1753353956395,"status":"failed","title":"handles selection across paragraphs"}],"endTime":1753353956539,"message":"\u001b[1m\u001b[31m  \u001b[1m● \u001b[22m\u001b[1mEditorContent › Key Events › handles Enter key press\u001b[39m\u001b[22m\n\n    \u001b[2mexpect(\u001b[22m\u001b[31mjest.fn()\u001b[39m\u001b[2m).\u001b[22mtoHaveBeenCalled\u001b[2m()\u001b[22m\n\n    Expected number of calls: >= \u001b[32m1\u001b[39m\n    Received number of calls:    \u001b[31m0\u001b[39m\n\u001b[2m\u001b[22m\n\u001b[2m    \u001b[0m \u001b[90m 184 |\u001b[39m       \u001b[22m\n\u001b[2m     \u001b[90m 185 |\u001b[39m       \u001b[90m// Check if onSplitParagraph was called\u001b[39m\u001b[22m\n\u001b[2m    \u001b[31m\u001b[1m>\u001b[22m\u001b[2m\u001b[39m\u001b[90m 186 |\u001b[39m       expect(mockSplitParagraph)\u001b[33m.\u001b[39mtoHaveBeenCalled()\u001b[33m;\u001b[39m\u001b[22m\n\u001b[2m     \u001b[90m     |\u001b[39m                                  \u001b[31m\u001b[1m^\u001b[22m\u001b[2m\u001b[39m\u001b[22m\n\u001b[2m     \u001b[90m 187 |\u001b[39m     })\u001b[33m;\u001b[39m\u001b[22m\n\u001b[2m     \u001b[90m 188 |\u001b[39m     \u001b[22m\n\u001b[2m     \u001b[90m 189 |\u001b[39m     test(\u001b[32m'handles Backspace key press'\u001b[39m\u001b[33m,\u001b[39m \u001b[36masync\u001b[39m () \u001b[33m=>\u001b[39m {\u001b[0m\u001b[22m\n\u001b[2m\u001b[22m\n\u001b[2m      \u001b[2mat toHaveBeenCalled (\u001b[22m\u001b[2m\u001b[0m\u001b[36mEditorContent.test.tsx\u001b[39m\u001b[0m\u001b[2m:186:34)\u001b[22m\u001b[2m\u001b[22m\n\u001b[2m      \u001b[2mat Generator.call (\u001b[22m\u001b[2m\u001b[0m\u001b[36mEditorContent.test.tsx\u001b[39m\u001b[0m\u001b[2m:2:1)\u001b[22m\u001b[2m\u001b[22m\n\u001b[2m      \u001b[2mat Generator._invoke [as next] (\u001b[22m\u001b[2m\u001b[0m\u001b[36mEditorContent.test.tsx\u001b[39m\u001b[0m\u001b[2m:2:1)\u001b[22m\u001b[2m\u001b[22m\n\u001b[2m      \u001b[2mat asyncGeneratorStep (\u001b[22m\u001b[2m\u001b[0m\u001b[36mEditorContent.test.tsx\u001b[39m\u001b[0m\u001b[2m:2:1)\u001b[22m\u001b[2m\u001b[22m\n\u001b[2m      \u001b[2mat asyncGeneratorStep (\u001b[22m\u001b[2m\u001b[0m\u001b[36mEditorContent.test.tsx\u001b[39m\u001b[0m\u001b[2m:2:1)\u001b[22m\u001b[2m\u001b[22m\n\n\u001b[1m\u001b[31m  \u001b[1m● \u001b[22m\u001b[1mEditorContent › Key Events › handles Backspace key press\u001b[39m\u001b[22m\n\n    \u001b[2mexpect(\u001b[22m\u001b[31mjest.fn()\u001b[39m\u001b[2m).\u001b[22mtoHaveBeenCalled\u001b[2m()\u001b[22m\n\n    Expected number of calls: >= \u001b[32m1\u001b[39m\n    Received number of calls:    \u001b[31m0\u001b[39m\n\u001b[2m\u001b[22m\n\u001b[2m    \u001b[0m \u001b[90m 218 |\u001b[39m       \u001b[22m\n\u001b[2m     \u001b[90m 219 |\u001b[39m       \u001b[90m// Check if onDeleteText was called\u001b[39m\u001b[22m\n\u001b[2m    \u001b[31m\u001b[1m>\u001b[22m\u001b[2m\u001b[39m\u001b[90m 220 |\u001b[39m       expect(mockDeleteText)\u001b[33m.\u001b[39mtoHaveBeenCalled()\u001b[33m;\u001b[39m\u001b[22m\n\u001b[2m     \u001b[90m     |\u001b[39m                              \u001b[31m\u001b[1m^\u001b[22m\u001b[2m\u001b[39m\u001b[22m\n\u001b[2m     \u001b[90m 221 |\u001b[39m     })\u001b[33m;\u001b[39m\u001b[22m\n\u001b[2m     \u001b[90m 222 |\u001b[39m     \u001b[22m\n\u001b[2m     \u001b[90m 223 |\u001b[39m     test(\u001b[32m'handles beforeInput event for paragraph insertion'\u001b[39m\u001b[33m,\u001b[39m () \u001b[33m=>\u001b[39m {\u001b[0m\u001b[22m\n\u001b[2m\u001b[22m\n\u001b[2m      \u001b[2mat toHaveBeenCalled (\u001b[22m\u001b[2m\u001b[0m\u001b[36mEditorContent.test.tsx\u001b[39m\u001b[0m\u001b[2m:220:30)\u001b[22m\u001b[2m\u001b[22m\n\u001b[2m      \u001b[2mat Generator.call (\u001b[22m\u001b[2m\u001b[0m\u001b[36mEditorContent.test.tsx\u001b[39m\u001b[0m\u001b[2m:2:1)\u001b[22m\u001b[2m\u001b[22m\n\u001b[2m      \u001b[2mat Generator._invoke [as next] (\u001b[22m\u001b[2m\u001b[0m\u001b[36mEditorContent.test.tsx\u001b[39m\u001b[0m\u001b[2m:2:1)\u001b[22m\u001b[2m\u001b[22m\n\u001b[2m      \u001b[2mat asyncGeneratorStep (\u001b[22m\u001b[2m\u001b[0m\u001b[36mEditorContent.test.tsx\u001b[39m\u001b[0m\u001b[2m:2:1)\u001b[22m\u001b[2m\u001b[22m\n\u001b[2m      \u001b[2mat asyncGeneratorStep (\u001b[22m\u001b[2m\u001b[0m\u001b[36mEditorContent.test.tsx\u001b[39m\u001b[0m\u001b[2m:2:1)\u001b[22m\u001b[2m\u001b[22m\n\n\u001b[1m\u001b[31m  \u001b[1m● \u001b[22m\u001b[1mEditorContent › Input Handling › handles text input events\u001b[39m\u001b[22m\n\n    \u001b[2mexpect(\u001b[22m\u001b[31mjest.fn()\u001b[39m\u001b[2m).\u001b[22mtoHaveBeenCalledWith\u001b[2m(\u001b[22m\u001b[32m...expected\u001b[39m\u001b[2m)\u001b[22m\n\n    Expected: \u001b[32m\"Hello World\"\u001b[39m\n\n    Number of calls: \u001b[31m0\u001b[39m\n\u001b[2m\u001b[22m\n\u001b[2m    \u001b[0m \u001b[90m 353 |\u001b[39m       \u001b[22m\n\u001b[2m     \u001b[90m 354 |\u001b[39m       \u001b[90m// Check if onInsertText was called with the new text\u001b[39m\u001b[22m\n\u001b[2m    \u001b[31m\u001b[1m>\u001b[22m\u001b[2m\u001b[39m\u001b[90m 355 |\u001b[39m       expect(mockInsertText)\u001b[33m.\u001b[39mtoHaveBeenCalledWith(\u001b[32m'Hello World'\u001b[39m)\u001b[33m;\u001b[39m\u001b[22m\n\u001b[2m     \u001b[90m     |\u001b[39m                              \u001b[31m\u001b[1m^\u001b[22m\u001b[2m\u001b[39m\u001b[22m\n\u001b[2m     \u001b[90m 356 |\u001b[39m     })\u001b[33m;\u001b[39m\u001b[22m\n\u001b[2m     \u001b[90m 357 |\u001b[39m     \u001b[22m\n\u001b[2m     \u001b[90m 358 |\u001b[39m     test(\u001b[32m'handles IME input for Asian languages'\u001b[39m\u001b[33m,\u001b[39m () \u001b[33m=>\u001b[39m {\u001b[0m\u001b[22m\n\u001b[2m\u001b[22m\n\u001b[2m      \u001b[2mat Object.toHaveBeenCalledWith (\u001b[22m\u001b[2m\u001b[0m\u001b[36mEditorContent.test.tsx\u001b[39m\u001b[0m\u001b[2m:355:30)\u001b[22m\u001b[2m\u001b[22m\n\n\u001b[1m\u001b[31m  \u001b[1m● \u001b[22m\u001b[1mEditorContent › Selection Handling › handles selection changes\u001b[39m\u001b[22m\n\n    \u001b[2mexpect(\u001b[22m\u001b[31mjest.fn()\u001b[39m\u001b[2m).\u001b[22mtoHaveBeenCalled\u001b[2m()\u001b[22m\n\n    Expected number of calls: >= \u001b[32m1\u001b[39m\n    Received number of calls:    \u001b[31m0\u001b[39m\n\u001b[2m\u001b[22m\n\u001b[2m    \u001b[0m \u001b[90m 454 |\u001b[39m       \u001b[22m\n\u001b[2m     \u001b[90m 455 |\u001b[39m       \u001b[90m// Check if onSelectionChange was called with the correct selection\u001b[39m\u001b[22m\n\u001b[2m    \u001b[31m\u001b[1m>\u001b[22m\u001b[2m\u001b[39m\u001b[90m 456 |\u001b[39m       expect(mockHandleSelectionChange)\u001b[33m.\u001b[39mtoHaveBeenCalled()\u001b[33m;\u001b[39m\u001b[22m\n\u001b[2m     \u001b[90m     |\u001b[39m                                         \u001b[31m\u001b[1m^\u001b[22m\u001b[2m\u001b[39m\u001b[22m\n\u001b[2m     \u001b[90m 457 |\u001b[39m     })\u001b[33m;\u001b[39m\u001b[22m\n\u001b[2m     \u001b[90m 458 |\u001b[39m     \u001b[22m\n\u001b[2m     \u001b[90m 459 |\u001b[39m     test(\u001b[32m'handles selection across paragraphs'\u001b[39m\u001b[33m,\u001b[39m () \u001b[33m=>\u001b[39m {\u001b[0m\u001b[22m\n\u001b[2m\u001b[22m\n\u001b[2m      \u001b[2mat Object.toHaveBeenCalled (\u001b[22m\u001b[2m\u001b[0m\u001b[36mEditorContent.test.tsx\u001b[39m\u001b[0m\u001b[2m:456:41)\u001b[22m\u001b[2m\u001b[22m\n\n\u001b[1m\u001b[31m  \u001b[1m● \u001b[22m\u001b[1mEditorContent › Selection Handling › handles selection across paragraphs\u001b[39m\u001b[22m\n\n    \u001b[2mexpect(\u001b[22m\u001b[31mjest.fn()\u001b[39m\u001b[2m).\u001b[22mtoHaveBeenCalled\u001b[2m()\u001b[22m\n\n    Expected number of calls: >= \u001b[32m1\u001b[39m\n    Received number of calls:    \u001b[31m0\u001b[39m\n\u001b[2m\u001b[22m\n\u001b[2m    \u001b[0m \u001b[90m 485 |\u001b[39m       \u001b[22m\n\u001b[2m     \u001b[90m 486 |\u001b[39m       \u001b[90m// Check if onSelectionChange was called\u001b[39m\u001b[22m\n\u001b[2m    \u001b[31m\u001b[1m>\u001b[22m\u001b[2m\u001b[39m\u001b[90m 487 |\u001b[39m       expect(mockHandleSelectionChange)\u001b[33m.\u001b[39mtoHaveBeenCalled()\u001b[33m;\u001b[39m\u001b[22m\n\u001b[2m     \u001b[90m     |\u001b[39m                                         \u001b[31m\u001b[1m^\u001b[22m\u001b[2m\u001b[39m\u001b[22m\n\u001b[2m     \u001b[90m 488 |\u001b[39m     })\u001b[33m;\u001b[39m\u001b[22m\n\u001b[2m     \u001b[90m 489 |\u001b[39m   })\u001b[33m;\u001b[39m\u001b[22m\n\u001b[2m     \u001b[90m 490 |\u001b[39m })\u001b[33m;\u001b[39m\u001b[0m\u001b[22m\n\u001b[2m\u001b[22m\n\u001b[2m      \u001b[2mat Object.toHaveBeenCalled (\u001b[22m\u001b[2m\u001b[0m\u001b[36mEditorContent.test.tsx\u001b[39m\u001b[0m\u001b[2m:487:41)\u001b[22m\u001b[2m\u001b[22m\n","name":"D:\\BlogPro\\client\\src\\plugins\\texteditor\\__tests__\\EditorContent.test.tsx","startTime":1753353950173,"status":"failed","summary":""},{"assertionResults":[{"ancestorTitles":["FormattingToolbar Accessibility"],"duration":609,"failing":false,"failureDetails":[{"matcherResult":{"actual":[{"id":"label-title-only","impact":"serious","tags":["cat.forms","best-practice"],"description":"Ensure that every form element has a visible label and is not solely labeled using hidden labels, or the title or aria-describedby attributes","help":"Form elements should have a visible label","helpUrl":"https://dequeuniversity.com/rules/axe/4.10/label-title-only?application=axeAPI","nodes":[{"any":[],"all":[],"none":[{"id":"title-only","data":null,"relatedNodes":[],"impact":"serious","message":"Only title used to generate label for form element"}],"impact":"serious","html":"<select title=\"Font Size\">","target":["select"],"failureSummary":"Fix all of the following:\n  Only title used to generate label for form element"},{"any":[],"all":[],"none":[{"id":"title-only","data":null,"relatedNodes":[],"impact":"serious","message":"Only title used to generate label for form element"}],"impact":"serious","html":"<input type=\"color\" title=\"Font Color\" value=\"#000000\">","target":["input[title=\"Font Color\"]"],"failureSummary":"Fix all of the following:\n  Only title used to generate label for form element"},{"any":[],"all":[],"none":[{"id":"title-only","data":null,"relatedNodes":[],"impact":"serious","message":"Only title used to generate label for form element"}],"impact":"serious","html":"<input type=\"color\" title=\"Background Color\" value=\"transparent\">","target":["input[title=\"Background Color\"]"],"failureSummary":"Fix all of the following:\n  Only title used to generate label for form element"}]}],"message":"\u001b[2mexpect(\u001b[22m\u001b[31mreceived\u001b[39m\u001b[2m).toHaveNoViolations(\u001b[22m\u001b[32mexpected\u001b[39m\u001b[2m)\u001b[22m\n\nExpected the HTML found at $('select') to have no violations:\n\n\u001b[90m<select title=\"Font Size\">\u001b[39m\n\nReceived:\n\n\u001b[31m\"Form elements should have a visible label (label-title-only)\"\u001b[39m\n\n\u001b[33mFix all of the following:\u001b[39m\n\u001b[33m  Only title used to generate label for form element\u001b[39m\n\nYou can find more information on this issue here: \n\u001b[34mhttps://dequeuniversity.com/rules/axe/4.10/label-title-only?application=axeAPI\u001b[39m\n\nExpected the HTML found at $('input[title=\"Font Color\"]') to have no violations:\n\n\u001b[90m<input type=\"color\" title=\"Font Color\" value=\"#000000\">\u001b[39m\n\nReceived:\n\n\u001b[31m\"Form elements should have a visible label (label-title-only)\"\u001b[39m\n\n\u001b[33mFix all of the following:\u001b[39m\n\u001b[33m  Only title used to generate label for form element\u001b[39m\n\nYou can find more information on this issue here: \n\u001b[34mhttps://dequeuniversity.com/rules/axe/4.10/label-title-only?application=axeAPI\u001b[39m\n\nExpected the HTML found at $('input[title=\"Background Color\"]') to have no violations:\n\n\u001b[90m<input type=\"color\" title=\"Background Color\" value=\"transparent\">\u001b[39m\n\nReceived:\n\n\u001b[31m\"Form elements should have a visible label (label-title-only)\"\u001b[39m\n\n\u001b[33mFix all of the following:\u001b[39m\n\u001b[33m  Only title used to generate label for form element\u001b[39m\n\nYou can find more information on this issue here: \n\u001b[34mhttps://dequeuniversity.com/rules/axe/4.10/label-title-only?application=axeAPI\u001b[39m","pass":false}}],"failureMessages":["Error: \u001b[2mexpect(\u001b[22m\u001b[31mreceived\u001b[39m\u001b[2m).toHaveNoViolations(\u001b[22m\u001b[32mexpected\u001b[39m\u001b[2m)\u001b[22m\n\nExpected the HTML found at $('select') to have no violations:\n\n\u001b[90m<select title=\"Font Size\">\u001b[39m\n\nReceived:\n\n\u001b[31m\"Form elements should have a visible label (label-title-only)\"\u001b[39m\n\n\u001b[33mFix all of the following:\u001b[39m\n\u001b[33m  Only title used to generate label for form element\u001b[39m\n\nYou can find more information on this issue here: \n\u001b[34mhttps://dequeuniversity.com/rules/axe/4.10/label-title-only?application=axeAPI\u001b[39m\n\nExpected the HTML found at $('input[title=\"Font Color\"]') to have no violations:\n\n\u001b[90m<input type=\"color\" title=\"Font Color\" value=\"#000000\">\u001b[39m\n\nReceived:\n\n\u001b[31m\"Form elements should have a visible label (label-title-only)\"\u001b[39m\n\n\u001b[33mFix all of the following:\u001b[39m\n\u001b[33m  Only title used to generate label for form element\u001b[39m\n\nYou can find more information on this issue here: \n\u001b[34mhttps://dequeuniversity.com/rules/axe/4.10/label-title-only?application=axeAPI\u001b[39m\n\nExpected the HTML found at $('input[title=\"Background Color\"]') to have no violations:\n\n\u001b[90m<input type=\"color\" title=\"Background Color\" value=\"transparent\">\u001b[39m\n\nReceived:\n\n\u001b[31m\"Form elements should have a visible label (label-title-only)\"\u001b[39m\n\n\u001b[33mFix all of the following:\u001b[39m\n\u001b[33m  Only title used to generate label for form element\u001b[39m\n\nYou can find more information on this issue here: \n\u001b[34mhttps://dequeuniversity.com/rules/axe/4.10/label-title-only?application=axeAPI\u001b[39m\n    at toHaveNoViolations (D:\\BlogPro\\client\\src\\plugins\\texteditor\\__tests__\\FormattingToolbar.a11y.test.tsx:57:21)\n    at Generator.call (D:\\BlogPro\\client\\src\\plugins\\texteditor\\__tests__\\FormattingToolbar.a11y.test.tsx:2:1)\n    at Generator._invoke [as next] (D:\\BlogPro\\client\\src\\plugins\\texteditor\\__tests__\\FormattingToolbar.a11y.test.tsx:2:1)\n    at asyncGeneratorStep (D:\\BlogPro\\client\\src\\plugins\\texteditor\\__tests__\\FormattingToolbar.a11y.test.tsx:2:1)\n    at asyncGeneratorStep (D:\\BlogPro\\client\\src\\plugins\\texteditor\\__tests__\\FormattingToolbar.a11y.test.tsx:2:1)"],"fullName":"FormattingToolbar Accessibility should have no accessibility violations","invocations":1,"location":null,"numPassingAsserts":0,"retryReasons":[],"startAt":1753353955519,"status":"failed","title":"should have no accessibility violations"},{"ancestorTitles":["FormattingToolbar Accessibility"],"duration":393,"failing":false,"failureDetails":[],"failureMessages":[],"fullName":"FormattingToolbar Accessibility should have accessible formatting buttons","invocations":1,"location":null,"numPassingAsserts":4,"retryReasons":[],"startAt":1753353956175,"status":"passed","title":"should have accessible formatting buttons"},{"ancestorTitles":["FormattingToolbar Accessibility"],"duration":583,"failing":false,"failureDetails":[{"matcherResult":{"actual":[{"id":"label-title-only","impact":"serious","tags":["cat.forms","best-practice"],"description":"Ensure that every form element has a visible label and is not solely labeled using hidden labels, or the title or aria-describedby attributes","help":"Form elements should have a visible label","helpUrl":"https://dequeuniversity.com/rules/axe/4.10/label-title-only?application=axeAPI","nodes":[{"any":[],"all":[],"none":[{"id":"title-only","data":null,"relatedNodes":[],"impact":"serious","message":"Only title used to generate label for form element"}],"impact":"serious","html":"<select title=\"Font Size\">","target":["select"],"failureSummary":"Fix all of the following:\n  Only title used to generate label for form element"}]}],"message":"\u001b[2mexpect(\u001b[22m\u001b[31mreceived\u001b[39m\u001b[2m).toHaveNoViolations(\u001b[22m\u001b[32mexpected\u001b[39m\u001b[2m)\u001b[22m\n\nExpected the HTML found at $('select') to have no violations:\n\n\u001b[90m<select title=\"Font Size\">\u001b[39m\n\nReceived:\n\n\u001b[31m\"Form elements should have a visible label (label-title-only)\"\u001b[39m\n\n\u001b[33mFix all of the following:\u001b[39m\n\u001b[33m  Only title used to generate label for form element\u001b[39m\n\nYou can find more information on this issue here: \n\u001b[34mhttps://dequeuniversity.com/rules/axe/4.10/label-title-only?application=axeAPI\u001b[39m","pass":false}}],"failureMessages":["Error: \u001b[2mexpect(\u001b[22m\u001b[31mreceived\u001b[39m\u001b[2m).toHaveNoViolations(\u001b[22m\u001b[32mexpected\u001b[39m\u001b[2m)\u001b[22m\n\nExpected the HTML found at $('select') to have no violations:\n\n\u001b[90m<select title=\"Font Size\">\u001b[39m\n\nReceived:\n\n\u001b[31m\"Form elements should have a visible label (label-title-only)\"\u001b[39m\n\n\u001b[33mFix all of the following:\u001b[39m\n\u001b[33m  Only title used to generate label for form element\u001b[39m\n\nYou can find more information on this issue here: \n\u001b[34mhttps://dequeuniversity.com/rules/axe/4.10/label-title-only?application=axeAPI\u001b[39m\n    at toHaveNoViolations (D:\\BlogPro\\client\\src\\plugins\\texteditor\\__tests__\\FormattingToolbar.a11y.test.tsx:115:23)\n    at Generator.call (D:\\BlogPro\\client\\src\\plugins\\texteditor\\__tests__\\FormattingToolbar.a11y.test.tsx:2:1)\n    at Generator._invoke [as next] (D:\\BlogPro\\client\\src\\plugins\\texteditor\\__tests__\\FormattingToolbar.a11y.test.tsx:2:1)\n    at asyncGeneratorStep (D:\\BlogPro\\client\\src\\plugins\\texteditor\\__tests__\\FormattingToolbar.a11y.test.tsx:2:1)\n    at asyncGeneratorStep (D:\\BlogPro\\client\\src\\plugins\\texteditor\\__tests__\\FormattingToolbar.a11y.test.tsx:2:1)"],"fullName":"FormattingToolbar Accessibility should have accessible font size selector","invocations":1,"location":null,"numPassingAsserts":0,"retryReasons":[],"startAt":1753353956569,"status":"failed","title":"should have accessible font size selector"},{"ancestorTitles":["FormattingToolbar Accessibility"],"duration":15,"failing":false,"failureDetails":[],"failureMessages":[],"fullName":"FormattingToolbar Accessibility should have proper keyboard navigation","invocations":1,"location":null,"numPassingAsserts":5,"retryReasons":[],"startAt":1753353957153,"status":"passed","title":"should have proper keyboard navigation"},{"ancestorTitles":["FormattingToolbar Accessibility"],"duration":20,"failing":false,"failureDetails":[{"matcherResult":{"actual":null,"expected":"true","message":"\u001b[2mexpect(\u001b[22m\u001b[31mreceived\u001b[39m\u001b[2m).\u001b[22mtoBe\u001b[2m(\u001b[22m\u001b[32mexpected\u001b[39m\u001b[2m) // Object.is equality\u001b[22m\n\nExpected: \u001b[32m\"true\"\u001b[39m\nReceived: \u001b[31mnull\u001b[39m","name":"toBe","pass":false}}],"failureMessages":["Error: \u001b[2mexpect(\u001b[22m\u001b[31mreceived\u001b[39m\u001b[2m).\u001b[22mtoBe\u001b[2m(\u001b[22m\u001b[32mexpected\u001b[39m\u001b[2m) // Object.is equality\u001b[22m\n\nExpected: \u001b[32m\"true\"\u001b[39m\nReceived: \u001b[31mnull\u001b[39m\n    at toBe (D:\\BlogPro\\client\\src\\plugins\\texteditor\\__tests__\\FormattingToolbar.a11y.test.tsx:165:55)\n    at Generator.call (D:\\BlogPro\\client\\src\\plugins\\texteditor\\__tests__\\FormattingToolbar.a11y.test.tsx:2:1)\n    at Generator._invoke [as next] (D:\\BlogPro\\client\\src\\plugins\\texteditor\\__tests__\\FormattingToolbar.a11y.test.tsx:2:1)\n    at asyncGeneratorStep (D:\\BlogPro\\client\\src\\plugins\\texteditor\\__tests__\\FormattingToolbar.a11y.test.tsx:2:1)\n    at asyncGeneratorStep (D:\\BlogPro\\client\\src\\plugins\\texteditor\\__tests__\\FormattingToolbar.a11y.test.tsx:2:1)\n    at _next (D:\\BlogPro\\client\\src\\plugins\\texteditor\\__tests__\\FormattingToolbar.a11y.test.tsx:2:1)\n    at new Promise (<anonymous>)\n    at Object.<anonymous> (D:\\BlogPro\\client\\src\\plugins\\texteditor\\__tests__\\FormattingToolbar.a11y.test.tsx:2:1)\n    at Promise.finally.completed (C:\\Users\\New\\AppData\\Local\\npm-cache\\_npx\\b8d86e6551a4f492\\node_modules\\jest-circus\\build\\jestAdapterInit.js:1559:28)\n    at new Promise (<anonymous>)\n    at callAsyncCircusFn (C:\\Users\\New\\AppData\\Local\\npm-cache\\_npx\\b8d86e6551a4f492\\node_modules\\jest-circus\\build\\jestAdapterInit.js:1499:10)\n    at _callCircusTest (C:\\Users\\New\\AppData\\Local\\npm-cache\\_npx\\b8d86e6551a4f492\\node_modules\\jest-circus\\build\\jestAdapterInit.js:1009:40)\n    at _runTest (C:\\Users\\New\\AppData\\Local\\npm-cache\\_npx\\b8d86e6551a4f492\\node_modules\\jest-circus\\build\\jestAdapterInit.js:949:3)\n    at _runTestsForDescribeBlock (C:\\Users\\New\\AppData\\Local\\npm-cache\\_npx\\b8d86e6551a4f492\\node_modules\\jest-circus\\build\\jestAdapterInit.js:839:13)\n    at _runTestsForDescribeBlock (C:\\Users\\New\\AppData\\Local\\npm-cache\\_npx\\b8d86e6551a4f492\\node_modules\\jest-circus\\build\\jestAdapterInit.js:829:11)\n    at run (C:\\Users\\New\\AppData\\Local\\npm-cache\\_npx\\b8d86e6551a4f492\\node_modules\\jest-circus\\build\\jestAdapterInit.js:757:3)\n    at runAndTransformResultsToJestFormat (C:\\Users\\New\\AppData\\Local\\npm-cache\\_npx\\b8d86e6551a4f492\\node_modules\\jest-circus\\build\\jestAdapterInit.js:1920:21)\n    at jestAdapter (C:\\Users\\New\\AppData\\Local\\npm-cache\\_npx\\b8d86e6551a4f492\\node_modules\\jest-circus\\build\\runner.js:101:19)\n    at runTestInternal (C:\\Users\\New\\AppData\\Local\\npm-cache\\_npx\\b8d86e6551a4f492\\node_modules\\jest-runner\\build\\testWorker.js:275:16)\n    at runTest (C:\\Users\\New\\AppData\\Local\\npm-cache\\_npx\\b8d86e6551a4f492\\node_modules\\jest-runner\\build\\testWorker.js:343:7)\n    at Object.worker (C:\\Users\\New\\AppData\\Local\\npm-cache\\_npx\\b8d86e6551a4f492\\node_modules\\jest-runner\\build\\testWorker.js:497:12)"],"fullName":"FormattingToolbar Accessibility should have proper ARIA attributes for active states","invocations":1,"location":null,"numPassingAsserts":0,"retryReasons":[],"startAt":1753353957169,"status":"failed","title":"should have proper ARIA attributes for active states"},{"ancestorTitles":["FormattingToolbar Accessibility"],"duration":18,"failing":false,"failureDetails":[],"failureMessages":[],"fullName":"FormattingToolbar Accessibility should have accessible color pickers","invocations":1,"location":null,"numPassingAsserts":0,"retryReasons":[],"startAt":1753353957190,"status":"passed","title":"should have accessible color pickers"},{"ancestorTitles":["FormattingToolbar Accessibility"],"duration":163,"failing":false,"failureDetails":[{"matcherResult":{"actual":[{"id":"label-title-only","impact":"serious","tags":["cat.forms","best-practice"],"description":"Ensure that every form element has a visible label and is not solely labeled using hidden labels, or the title or aria-describedby attributes","help":"Form elements should have a visible label","helpUrl":"https://dequeuniversity.com/rules/axe/4.10/label-title-only?application=axeAPI","nodes":[{"any":[],"all":[],"none":[{"id":"title-only","data":null,"relatedNodes":[],"impact":"serious","message":"Only title used to generate label for form element"}],"impact":"serious","html":"<select title=\"Font Size\">","target":["select"],"failureSummary":"Fix all of the following:\n  Only title used to generate label for form element"},{"any":[],"all":[],"none":[{"id":"title-only","data":null,"relatedNodes":[],"impact":"serious","message":"Only title used to generate label for form element"}],"impact":"serious","html":"<input type=\"color\" title=\"Font Color\" value=\"#000000\">","target":["input[title=\"Font Color\"]"],"failureSummary":"Fix all of the following:\n  Only title used to generate label for form element"},{"any":[],"all":[],"none":[{"id":"title-only","data":null,"relatedNodes":[],"impact":"serious","message":"Only title used to generate label for form element"}],"impact":"serious","html":"<input type=\"color\" title=\"Background Color\" value=\"transparent\">","target":["input[title=\"Background Color\"]"],"failureSummary":"Fix all of the following:\n  Only title used to generate label for form element"}]}],"message":"\u001b[2mexpect(\u001b[22m\u001b[31mreceived\u001b[39m\u001b[2m).toHaveNoViolations(\u001b[22m\u001b[32mexpected\u001b[39m\u001b[2m)\u001b[22m\n\nExpected the HTML found at $('select') to have no violations:\n\n\u001b[90m<select title=\"Font Size\">\u001b[39m\n\nReceived:\n\n\u001b[31m\"Form elements should have a visible label (label-title-only)\"\u001b[39m\n\n\u001b[33mFix all of the following:\u001b[39m\n\u001b[33m  Only title used to generate label for form element\u001b[39m\n\nYou can find more information on this issue here: \n\u001b[34mhttps://dequeuniversity.com/rules/axe/4.10/label-title-only?application=axeAPI\u001b[39m\n\nExpected the HTML found at $('input[title=\"Font Color\"]') to have no violations:\n\n\u001b[90m<input type=\"color\" title=\"Font Color\" value=\"#000000\">\u001b[39m\n\nReceived:\n\n\u001b[31m\"Form elements should have a visible label (label-title-only)\"\u001b[39m\n\n\u001b[33mFix all of the following:\u001b[39m\n\u001b[33m  Only title used to generate label for form element\u001b[39m\n\nYou can find more information on this issue here: \n\u001b[34mhttps://dequeuniversity.com/rules/axe/4.10/label-title-only?application=axeAPI\u001b[39m\n\nExpected the HTML found at $('input[title=\"Background Color\"]') to have no violations:\n\n\u001b[90m<input type=\"color\" title=\"Background Color\" value=\"transparent\">\u001b[39m\n\nReceived:\n\n\u001b[31m\"Form elements should have a visible label (label-title-only)\"\u001b[39m\n\n\u001b[33mFix all of the following:\u001b[39m\n\u001b[33m  Only title used to generate label for form element\u001b[39m\n\nYou can find more information on this issue here: \n\u001b[34mhttps://dequeuniversity.com/rules/axe/4.10/label-title-only?application=axeAPI\u001b[39m","pass":false}}],"failureMessages":["Error: \u001b[2mexpect(\u001b[22m\u001b[31mreceived\u001b[39m\u001b[2m).toHaveNoViolations(\u001b[22m\u001b[32mexpected\u001b[39m\u001b[2m)\u001b[22m\n\nExpected the HTML found at $('select') to have no violations:\n\n\u001b[90m<select title=\"Font Size\">\u001b[39m\n\nReceived:\n\n\u001b[31m\"Form elements should have a visible label (label-title-only)\"\u001b[39m\n\n\u001b[33mFix all of the following:\u001b[39m\n\u001b[33m  Only title used to generate label for form element\u001b[39m\n\nYou can find more information on this issue here: \n\u001b[34mhttps://dequeuniversity.com/rules/axe/4.10/label-title-only?application=axeAPI\u001b[39m\n\nExpected the HTML found at $('input[title=\"Font Color\"]') to have no violations:\n\n\u001b[90m<input type=\"color\" title=\"Font Color\" value=\"#000000\">\u001b[39m\n\nReceived:\n\n\u001b[31m\"Form elements should have a visible label (label-title-only)\"\u001b[39m\n\n\u001b[33mFix all of the following:\u001b[39m\n\u001b[33m  Only title used to generate label for form element\u001b[39m\n\nYou can find more information on this issue here: \n\u001b[34mhttps://dequeuniversity.com/rules/axe/4.10/label-title-only?application=axeAPI\u001b[39m\n\nExpected the HTML found at $('input[title=\"Background Color\"]') to have no violations:\n\n\u001b[90m<input type=\"color\" title=\"Background Color\" value=\"transparent\">\u001b[39m\n\nReceived:\n\n\u001b[31m\"Form elements should have a visible label (label-title-only)\"\u001b[39m\n\n\u001b[33mFix all of the following:\u001b[39m\n\u001b[33m  Only title used to generate label for form element\u001b[39m\n\nYou can find more information on this issue here: \n\u001b[34mhttps://dequeuniversity.com/rules/axe/4.10/label-title-only?application=axeAPI\u001b[39m\n    at toHaveNoViolations (D:\\BlogPro\\client\\src\\plugins\\texteditor\\__tests__\\FormattingToolbar.a11y.test.tsx:227:21)\n    at Generator.call (D:\\BlogPro\\client\\src\\plugins\\texteditor\\__tests__\\FormattingToolbar.a11y.test.tsx:2:1)\n    at Generator._invoke [as next] (D:\\BlogPro\\client\\src\\plugins\\texteditor\\__tests__\\FormattingToolbar.a11y.test.tsx:2:1)\n    at asyncGeneratorStep (D:\\BlogPro\\client\\src\\plugins\\texteditor\\__tests__\\FormattingToolbar.a11y.test.tsx:2:1)\n    at asyncGeneratorStep (D:\\BlogPro\\client\\src\\plugins\\texteditor\\__tests__\\FormattingToolbar.a11y.test.tsx:2:1)"],"fullName":"FormattingToolbar Accessibility should handle mixed formatting states accessibly","invocations":1,"location":null,"numPassingAsserts":0,"retryReasons":[],"startAt":1753353957209,"status":"failed","title":"should handle mixed formatting states accessibly"}],"endTime":1753353957464,"message":"\u001b[1m\u001b[31m  \u001b[1m● \u001b[22m\u001b[1mFormattingToolbar Accessibility › should have no accessibility violations\u001b[39m\u001b[22m\n\n    \u001b[2mexpect(\u001b[22m\u001b[31mreceived\u001b[39m\u001b[2m).toHaveNoViolations(\u001b[22m\u001b[32mexpected\u001b[39m\u001b[2m)\u001b[22m\n\n    Expected the HTML found at $('select') to have no violations:\n\n    \u001b[90m<select title=\"Font Size\">\u001b[39m\n\n    Received:\n\n    \u001b[31m\"Form elements should have a visible label (label-title-only)\"\u001b[39m\n\n    \u001b[33mFix all of the following:\u001b[39m\n    \u001b[33m  Only title used to generate label for form element\u001b[39m\n\n    You can find more information on this issue here: \n    \u001b[34mhttps://dequeuniversity.com/rules/axe/4.10/label-title-only?application=axeAPI\u001b[39m\n\n    Expected the HTML found at $('input[title=\"Font Color\"]') to have no violations:\n\n    \u001b[90m<input type=\"color\" title=\"Font Color\" value=\"#000000\">\u001b[39m\n\n    Received:\n\n    \u001b[31m\"Form elements should have a visible label (label-title-only)\"\u001b[39m\n\n    \u001b[33mFix all of the following:\u001b[39m\n    \u001b[33m  Only title used to generate label for form element\u001b[39m\n\n    You can find more information on this issue here: \n    \u001b[34mhttps://dequeuniversity.com/rules/axe/4.10/label-title-only?application=axeAPI\u001b[39m\n\n    Expected the HTML found at $('input[title=\"Background Color\"]') to have no violations:\n\n    \u001b[90m<input type=\"color\" title=\"Background Color\" value=\"transparent\">\u001b[39m\n\n    Received:\n\n    \u001b[31m\"Form elements should have a visible label (label-title-only)\"\u001b[39m\n\n    \u001b[33mFix all of the following:\u001b[39m\n    \u001b[33m  Only title used to generate label for form element\u001b[39m\n\n    You can find more information on this issue here: \n    \u001b[34mhttps://dequeuniversity.com/rules/axe/4.10/label-title-only?application=axeAPI\u001b[39m\n\u001b[2m\u001b[22m\n\u001b[2m    \u001b[0m \u001b[90m 55 |\u001b[39m     \u001b[22m\n\u001b[2m     \u001b[90m 56 |\u001b[39m     \u001b[90m// Check for accessibility violations\u001b[39m\u001b[22m\n\u001b[2m    \u001b[31m\u001b[1m>\u001b[22m\u001b[2m\u001b[39m\u001b[90m 57 |\u001b[39m     expect(results)\u001b[33m.\u001b[39mtoHaveNoViolations()\u001b[33m;\u001b[39m\u001b[22m\n\u001b[2m     \u001b[90m    |\u001b[39m                     \u001b[31m\u001b[1m^\u001b[22m\u001b[2m\u001b[39m\u001b[22m\n\u001b[2m     \u001b[90m 58 |\u001b[39m   })\u001b[33m;\u001b[39m\u001b[22m\n\u001b[2m     \u001b[90m 59 |\u001b[39m   \u001b[22m\n\u001b[2m     \u001b[90m 60 |\u001b[39m   test(\u001b[32m'should have accessible formatting buttons'\u001b[39m\u001b[33m,\u001b[39m \u001b[36masync\u001b[39m () \u001b[33m=>\u001b[39m {\u001b[0m\u001b[22m\n\u001b[2m\u001b[22m\n\u001b[2m      \u001b[2mat toHaveNoViolations (\u001b[22m\u001b[2m\u001b[0m\u001b[36mFormattingToolbar.a11y.test.tsx\u001b[39m\u001b[0m\u001b[2m:57:21)\u001b[22m\u001b[2m\u001b[22m\n\u001b[2m      \u001b[2mat Generator.call (\u001b[22m\u001b[2m\u001b[0m\u001b[36mFormattingToolbar.a11y.test.tsx\u001b[39m\u001b[0m\u001b[2m:2:1)\u001b[22m\u001b[2m\u001b[22m\n\u001b[2m      \u001b[2mat Generator._invoke [as next] (\u001b[22m\u001b[2m\u001b[0m\u001b[36mFormattingToolbar.a11y.test.tsx\u001b[39m\u001b[0m\u001b[2m:2:1)\u001b[22m\u001b[2m\u001b[22m\n\u001b[2m      \u001b[2mat asyncGeneratorStep (\u001b[22m\u001b[2m\u001b[0m\u001b[36mFormattingToolbar.a11y.test.tsx\u001b[39m\u001b[0m\u001b[2m:2:1)\u001b[22m\u001b[2m\u001b[22m\n\u001b[2m      \u001b[2mat asyncGeneratorStep (\u001b[22m\u001b[2m\u001b[0m\u001b[36mFormattingToolbar.a11y.test.tsx\u001b[39m\u001b[0m\u001b[2m:2:1)\u001b[22m\u001b[2m\u001b[22m\n\n\u001b[1m\u001b[31m  \u001b[1m● \u001b[22m\u001b[1mFormattingToolbar Accessibility › should have accessible font size selector\u001b[39m\u001b[22m\n\n    \u001b[2mexpect(\u001b[22m\u001b[31mreceived\u001b[39m\u001b[2m).toHaveNoViolations(\u001b[22m\u001b[32mexpected\u001b[39m\u001b[2m)\u001b[22m\n\n    Expected the HTML found at $('select') to have no violations:\n\n    \u001b[90m<select title=\"Font Size\">\u001b[39m\n\n    Received:\n\n    \u001b[31m\"Form elements should have a visible label (label-title-only)\"\u001b[39m\n\n    \u001b[33mFix all of the following:\u001b[39m\n    \u001b[33m  Only title used to generate label for form element\u001b[39m\n\n    You can find more information on this issue here: \n    \u001b[34mhttps://dequeuniversity.com/rules/axe/4.10/label-title-only?application=axeAPI\u001b[39m\n\u001b[2m\u001b[22m\n\u001b[2m    \u001b[0m \u001b[90m 113 |\u001b[39m       \u001b[22m\n\u001b[2m     \u001b[90m 114 |\u001b[39m       \u001b[90m// Check for accessibility violations\u001b[39m\u001b[22m\n\u001b[2m    \u001b[31m\u001b[1m>\u001b[22m\u001b[2m\u001b[39m\u001b[90m 115 |\u001b[39m       expect(results)\u001b[33m.\u001b[39mtoHaveNoViolations()\u001b[33m;\u001b[39m\u001b[22m\n\u001b[2m     \u001b[90m     |\u001b[39m                       \u001b[31m\u001b[1m^\u001b[22m\u001b[2m\u001b[39m\u001b[22m\n\u001b[2m     \u001b[90m 116 |\u001b[39m     }\u001b[22m\n\u001b[2m     \u001b[90m 117 |\u001b[39m   })\u001b[33m;\u001b[39m\u001b[22m\n\u001b[2m     \u001b[90m 118 |\u001b[39m   \u001b[0m\u001b[22m\n\u001b[2m\u001b[22m\n\u001b[2m      \u001b[2mat toHaveNoViolations (\u001b[22m\u001b[2m\u001b[0m\u001b[36mFormattingToolbar.a11y.test.tsx\u001b[39m\u001b[0m\u001b[2m:115:23)\u001b[22m\u001b[2m\u001b[22m\n\u001b[2m      \u001b[2mat Generator.call (\u001b[22m\u001b[2m\u001b[0m\u001b[36mFormattingToolbar.a11y.test.tsx\u001b[39m\u001b[0m\u001b[2m:2:1)\u001b[22m\u001b[2m\u001b[22m\n\u001b[2m      \u001b[2mat Generator._invoke [as next] (\u001b[22m\u001b[2m\u001b[0m\u001b[36mFormattingToolbar.a11y.test.tsx\u001b[39m\u001b[0m\u001b[2m:2:1)\u001b[22m\u001b[2m\u001b[22m\n\u001b[2m      \u001b[2mat asyncGeneratorStep (\u001b[22m\u001b[2m\u001b[0m\u001b[36mFormattingToolbar.a11y.test.tsx\u001b[39m\u001b[0m\u001b[2m:2:1)\u001b[22m\u001b[2m\u001b[22m\n\u001b[2m      \u001b[2mat asyncGeneratorStep (\u001b[22m\u001b[2m\u001b[0m\u001b[36mFormattingToolbar.a11y.test.tsx\u001b[39m\u001b[0m\u001b[2m:2:1)\u001b[22m\u001b[2m\u001b[22m\n\n\u001b[1m\u001b[31m  \u001b[1m● \u001b[22m\u001b[1mFormattingToolbar Accessibility › should have proper ARIA attributes for active states\u001b[39m\u001b[22m\n\n    \u001b[2mexpect(\u001b[22m\u001b[31mreceived\u001b[39m\u001b[2m).\u001b[22mtoBe\u001b[2m(\u001b[22m\u001b[32mexpected\u001b[39m\u001b[2m) // Object.is equality\u001b[22m\n\n    Expected: \u001b[32m\"true\"\u001b[39m\n    Received: \u001b[31mnull\u001b[39m\n\u001b[2m\u001b[22m\n\u001b[2m    \u001b[0m \u001b[90m 163 |\u001b[39m     \u001b[90m// Check if they have the correct aria-pressed attribute\u001b[39m\u001b[22m\n\u001b[2m     \u001b[90m 164 |\u001b[39m     \u001b[36mif\u001b[39m (boldButton) {\u001b[22m\n\u001b[2m    \u001b[31m\u001b[1m>\u001b[22m\u001b[2m\u001b[39m\u001b[90m 165 |\u001b[39m       expect(boldButton\u001b[33m.\u001b[39mgetAttribute(\u001b[32m'aria-pressed'\u001b[39m))\u001b[33m.\u001b[39mtoBe(\u001b[32m'true'\u001b[39m)\u001b[33m;\u001b[39m\u001b[22m\n\u001b[2m     \u001b[90m     |\u001b[39m                                                       \u001b[31m\u001b[1m^\u001b[22m\u001b[2m\u001b[39m\u001b[22m\n\u001b[2m     \u001b[90m 166 |\u001b[39m     }\u001b[22m\n\u001b[2m     \u001b[90m 167 |\u001b[39m     \u001b[22m\n\u001b[2m     \u001b[90m 168 |\u001b[39m     \u001b[36mif\u001b[39m (italicButton) {\u001b[0m\u001b[22m\n\u001b[2m\u001b[22m\n\u001b[2m      \u001b[2mat toBe (\u001b[22m\u001b[2m\u001b[0m\u001b[36mFormattingToolbar.a11y.test.tsx\u001b[39m\u001b[0m\u001b[2m:165:55)\u001b[22m\u001b[2m\u001b[22m\n\u001b[2m      \u001b[2mat Generator.call (\u001b[22m\u001b[2m\u001b[0m\u001b[36mFormattingToolbar.a11y.test.tsx\u001b[39m\u001b[0m\u001b[2m:2:1)\u001b[22m\u001b[2m\u001b[22m\n\u001b[2m      \u001b[2mat Generator._invoke [as next] (\u001b[22m\u001b[2m\u001b[0m\u001b[36mFormattingToolbar.a11y.test.tsx\u001b[39m\u001b[0m\u001b[2m:2:1)\u001b[22m\u001b[2m\u001b[22m\n\u001b[2m      \u001b[2mat asyncGeneratorStep (\u001b[22m\u001b[2m\u001b[0m\u001b[36mFormattingToolbar.a11y.test.tsx\u001b[39m\u001b[0m\u001b[2m:2:1)\u001b[22m\u001b[2m\u001b[22m\n\u001b[2m      \u001b[2mat asyncGeneratorStep (\u001b[22m\u001b[2m\u001b[0m\u001b[36mFormattingToolbar.a11y.test.tsx\u001b[39m\u001b[0m\u001b[2m:2:1)\u001b[22m\u001b[2m\u001b[22m\n\u001b[2m      \u001b[2mat _next (\u001b[22m\u001b[2m\u001b[0m\u001b[36mFormattingToolbar.a11y.test.tsx\u001b[39m\u001b[0m\u001b[2m:2:1)\u001b[22m\u001b[2m\u001b[22m\n\u001b[2m      \u001b[2mat Object.<anonymous> (\u001b[22m\u001b[2m\u001b[0m\u001b[36mFormattingToolbar.a11y.test.tsx\u001b[39m\u001b[0m\u001b[2m:2:1)\u001b[22m\u001b[2m\u001b[22m\n\n\u001b[1m\u001b[31m  \u001b[1m● \u001b[22m\u001b[1mFormattingToolbar Accessibility › should handle mixed formatting states accessibly\u001b[39m\u001b[22m\n\n    \u001b[2mexpect(\u001b[22m\u001b[31mreceived\u001b[39m\u001b[2m).toHaveNoViolations(\u001b[22m\u001b[32mexpected\u001b[39m\u001b[2m)\u001b[22m\n\n    Expected the HTML found at $('select') to have no violations:\n\n    \u001b[90m<select title=\"Font Size\">\u001b[39m\n\n    Received:\n\n    \u001b[31m\"Form elements should have a visible label (label-title-only)\"\u001b[39m\n\n    \u001b[33mFix all of the following:\u001b[39m\n    \u001b[33m  Only title used to generate label for form element\u001b[39m\n\n    You can find more information on this issue here: \n    \u001b[34mhttps://dequeuniversity.com/rules/axe/4.10/label-title-only?application=axeAPI\u001b[39m\n\n    Expected the HTML found at $('input[title=\"Font Color\"]') to have no violations:\n\n    \u001b[90m<input type=\"color\" title=\"Font Color\" value=\"#000000\">\u001b[39m\n\n    Received:\n\n    \u001b[31m\"Form elements should have a visible label (label-title-only)\"\u001b[39m\n\n    \u001b[33mFix all of the following:\u001b[39m\n    \u001b[33m  Only title used to generate label for form element\u001b[39m\n\n    You can find more information on this issue here: \n    \u001b[34mhttps://dequeuniversity.com/rules/axe/4.10/label-title-only?application=axeAPI\u001b[39m\n\n    Expected the HTML found at $('input[title=\"Background Color\"]') to have no violations:\n\n    \u001b[90m<input type=\"color\" title=\"Background Color\" value=\"transparent\">\u001b[39m\n\n    Received:\n\n    \u001b[31m\"Form elements should have a visible label (label-title-only)\"\u001b[39m\n\n    \u001b[33mFix all of the following:\u001b[39m\n    \u001b[33m  Only title used to generate label for form element\u001b[39m\n\n    You can find more information on this issue here: \n    \u001b[34mhttps://dequeuniversity.com/rules/axe/4.10/label-title-only?application=axeAPI\u001b[39m\n\u001b[2m\u001b[22m\n\u001b[2m    \u001b[0m \u001b[90m 225 |\u001b[39m     \u001b[22m\n\u001b[2m     \u001b[90m 226 |\u001b[39m     \u001b[90m// Check for accessibility violations\u001b[39m\u001b[22m\n\u001b[2m    \u001b[31m\u001b[1m>\u001b[22m\u001b[2m\u001b[39m\u001b[90m 227 |\u001b[39m     expect(results)\u001b[33m.\u001b[39mtoHaveNoViolations()\u001b[33m;\u001b[39m\u001b[22m\n\u001b[2m     \u001b[90m     |\u001b[39m                     \u001b[31m\u001b[1m^\u001b[22m\u001b[2m\u001b[39m\u001b[22m\n\u001b[2m     \u001b[90m 228 |\u001b[39m     \u001b[22m\n\u001b[2m     \u001b[90m 229 |\u001b[39m     \u001b[90m// Get the bold and strikethrough buttons\u001b[39m\u001b[22m\n\u001b[2m     \u001b[90m 230 |\u001b[39m     \u001b[36mconst\u001b[39m boldButton \u001b[33m=\u001b[39m container\u001b[33m.\u001b[39mquerySelector(\u001b[32m'button[title=\"Bold\"]'\u001b[39m)\u001b[33m;\u001b[39m\u001b[0m\u001b[22m\n\u001b[2m\u001b[22m\n\u001b[2m      \u001b[2mat toHaveNoViolations (\u001b[22m\u001b[2m\u001b[0m\u001b[36mFormattingToolbar.a11y.test.tsx\u001b[39m\u001b[0m\u001b[2m:227:21)\u001b[22m\u001b[2m\u001b[22m\n\u001b[2m      \u001b[2mat Generator.call (\u001b[22m\u001b[2m\u001b[0m\u001b[36mFormattingToolbar.a11y.test.tsx\u001b[39m\u001b[0m\u001b[2m:2:1)\u001b[22m\u001b[2m\u001b[22m\n\u001b[2m      \u001b[2mat Generator._invoke [as next] (\u001b[22m\u001b[2m\u001b[0m\u001b[36mFormattingToolbar.a11y.test.tsx\u001b[39m\u001b[0m\u001b[2m:2:1)\u001b[22m\u001b[2m\u001b[22m\n\u001b[2m      \u001b[2mat asyncGeneratorStep (\u001b[22m\u001b[2m\u001b[0m\u001b[36mFormattingToolbar.a11y.test.tsx\u001b[39m\u001b[0m\u001b[2m:2:1)\u001b[22m\u001b[2m\u001b[22m\n\u001b[2m      \u001b[2mat asyncGeneratorStep (\u001b[22m\u001b[2m\u001b[0m\u001b[36mFormattingToolbar.a11y.test.tsx\u001b[39m\u001b[0m\u001b[2m:2:1)\u001b[22m\u001b[2m\u001b[22m\n","name":"D:\\BlogPro\\client\\src\\plugins\\texteditor\\__tests__\\FormattingToolbar.a11y.test.tsx","startTime":1753353950307,"status":"failed","summary":""},{"assertionResults":[{"ancestorTitles":["EditorToolbar Accessibility"],"duration":905,"failing":false,"failureDetails":[{"matcherResult":{"actual":[{"id":"label-title-only","impact":"serious","tags":["cat.forms","best-practice"],"description":"Ensure that every form element has a visible label and is not solely labeled using hidden labels, or the title or aria-describedby attributes","help":"Form elements should have a visible label","helpUrl":"https://dequeuniversity.com/rules/axe/4.10/label-title-only?application=axeAPI","nodes":[{"any":[],"all":[],"none":[{"id":"title-only","data":null,"relatedNodes":[],"impact":"serious","message":"Only title used to generate label for form element"}],"impact":"serious","html":"<select title=\"Font size\">","target":["select[title=\"Font size\"]"],"failureSummary":"Fix all of the following:\n  Only title used to generate label for form element"},{"any":[],"all":[],"none":[{"id":"title-only","data":null,"relatedNodes":[],"impact":"serious","message":"Only title used to generate label for form element"}],"impact":"serious","html":"<select title=\"Font family\">","target":["select[title=\"Font family\"]"],"failureSummary":"Fix all of the following:\n  Only title used to generate label for form element"}]}],"message":"\u001b[2mexpect(\u001b[22m\u001b[31mreceived\u001b[39m\u001b[2m).toHaveNoViolations(\u001b[22m\u001b[32mexpected\u001b[39m\u001b[2m)\u001b[22m\n\nExpected the HTML found at $('select[title=\"Font size\"]') to have no violations:\n\n\u001b[90m<select title=\"Font size\">\u001b[39m\n\nReceived:\n\n\u001b[31m\"Form elements should have a visible label (label-title-only)\"\u001b[39m\n\n\u001b[33mFix all of the following:\u001b[39m\n\u001b[33m  Only title used to generate label for form element\u001b[39m\n\nYou can find more information on this issue here: \n\u001b[34mhttps://dequeuniversity.com/rules/axe/4.10/label-title-only?application=axeAPI\u001b[39m\n\nExpected the HTML found at $('select[title=\"Font family\"]') to have no violations:\n\n\u001b[90m<select title=\"Font family\">\u001b[39m\n\nReceived:\n\n\u001b[31m\"Form elements should have a visible label (label-title-only)\"\u001b[39m\n\n\u001b[33mFix all of the following:\u001b[39m\n\u001b[33m  Only title used to generate label for form element\u001b[39m\n\nYou can find more information on this issue here: \n\u001b[34mhttps://dequeuniversity.com/rules/axe/4.10/label-title-only?application=axeAPI\u001b[39m","pass":false}}],"failureMessages":["Error: \u001b[2mexpect(\u001b[22m\u001b[31mreceived\u001b[39m\u001b[2m).toHaveNoViolations(\u001b[22m\u001b[32mexpected\u001b[39m\u001b[2m)\u001b[22m\n\nExpected the HTML found at $('select[title=\"Font size\"]') to have no violations:\n\n\u001b[90m<select title=\"Font size\">\u001b[39m\n\nReceived:\n\n\u001b[31m\"Form elements should have a visible label (label-title-only)\"\u001b[39m\n\n\u001b[33mFix all of the following:\u001b[39m\n\u001b[33m  Only title used to generate label for form element\u001b[39m\n\nYou can find more information on this issue here: \n\u001b[34mhttps://dequeuniversity.com/rules/axe/4.10/label-title-only?application=axeAPI\u001b[39m\n\nExpected the HTML found at $('select[title=\"Font family\"]') to have no violations:\n\n\u001b[90m<select title=\"Font family\">\u001b[39m\n\nReceived:\n\n\u001b[31m\"Form elements should have a visible label (label-title-only)\"\u001b[39m\n\n\u001b[33mFix all of the following:\u001b[39m\n\u001b[33m  Only title used to generate label for form element\u001b[39m\n\nYou can find more information on this issue here: \n\u001b[34mhttps://dequeuniversity.com/rules/axe/4.10/label-title-only?application=axeAPI\u001b[39m\n    at toHaveNoViolations (D:\\BlogPro\\client\\src\\plugins\\texteditor\\__tests__\\EditorToolbar.a11y.test.tsx:94:21)\n    at Generator.call (D:\\BlogPro\\client\\src\\plugins\\texteditor\\__tests__\\EditorToolbar.a11y.test.tsx:2:1)\n    at Generator._invoke [as next] (D:\\BlogPro\\client\\src\\plugins\\texteditor\\__tests__\\EditorToolbar.a11y.test.tsx:2:1)\n    at asyncGeneratorStep (D:\\BlogPro\\client\\src\\plugins\\texteditor\\__tests__\\EditorToolbar.a11y.test.tsx:2:1)\n    at asyncGeneratorStep (D:\\BlogPro\\client\\src\\plugins\\texteditor\\__tests__\\EditorToolbar.a11y.test.tsx:2:1)"],"fullName":"EditorToolbar Accessibility should have no accessibility violations in desktop mode","invocations":1,"location":null,"numPassingAsserts":0,"retryReasons":[],"startAt":1753353959204,"status":"failed","title":"should have no accessibility violations in desktop mode"},{"ancestorTitles":["EditorToolbar Accessibility"],"duration":184,"failing":false,"failureDetails":[],"failureMessages":[],"fullName":"EditorToolbar Accessibility should have no accessibility violations in mobile mode","invocations":1,"location":null,"numPassingAsserts":1,"retryReasons":[],"startAt":1753353960143,"status":"passed","title":"should have no accessibility violations in mobile mode"},{"ancestorTitles":["EditorToolbar Accessibility"],"duration":26,"failing":false,"failureDetails":[],"failureMessages":[],"fullName":"EditorToolbar Accessibility should have accessible button groups","invocations":1,"location":null,"numPassingAsserts":0,"retryReasons":[],"startAt":1753353960327,"status":"passed","title":"should have accessible button groups"},{"ancestorTitles":["EditorToolbar Accessibility"],"duration":43,"failing":false,"failureDetails":[{"matcherResult":{"actual":false,"expected":true,"message":"\u001b[2mexpect(\u001b[22m\u001b[31mreceived\u001b[39m\u001b[2m).\u001b[22mtoBe\u001b[2m(\u001b[22m\u001b[32mexpected\u001b[39m\u001b[2m) // Object.is equality\u001b[22m\n\nExpected: \u001b[32mtrue\u001b[39m\nReceived: \u001b[31mfalse\u001b[39m","name":"toBe","pass":false}}],"failureMessages":["Error: \u001b[2mexpect(\u001b[22m\u001b[31mreceived\u001b[39m\u001b[2m).\u001b[22mtoBe\u001b[2m(\u001b[22m\u001b[32mexpected\u001b[39m\u001b[2m) // Object.is equality\u001b[22m\n\nExpected: \u001b[32mtrue\u001b[39m\nReceived: \u001b[31mfalse\u001b[39m\n    at toBe (D:\\BlogPro\\client\\src\\plugins\\texteditor\\__tests__\\EditorToolbar.a11y.test.tsx:238:95)\n    at Proxy.forEach (<anonymous>)\n    at forEach (D:\\BlogPro\\client\\src\\plugins\\texteditor\\__tests__\\EditorToolbar.a11y.test.tsx:237:15)\n    at Generator.call (D:\\BlogPro\\client\\src\\plugins\\texteditor\\__tests__\\EditorToolbar.a11y.test.tsx:2:1)\n    at Generator._invoke [as next] (D:\\BlogPro\\client\\src\\plugins\\texteditor\\__tests__\\EditorToolbar.a11y.test.tsx:2:1)\n    at asyncGeneratorStep (D:\\BlogPro\\client\\src\\plugins\\texteditor\\__tests__\\EditorToolbar.a11y.test.tsx:2:1)\n    at asyncGeneratorStep (D:\\BlogPro\\client\\src\\plugins\\texteditor\\__tests__\\EditorToolbar.a11y.test.tsx:2:1)\n    at _next (D:\\BlogPro\\client\\src\\plugins\\texteditor\\__tests__\\EditorToolbar.a11y.test.tsx:2:1)\n    at new Promise (<anonymous>)\n    at Object.<anonymous> (D:\\BlogPro\\client\\src\\plugins\\texteditor\\__tests__\\EditorToolbar.a11y.test.tsx:2:1)\n    at Promise.finally.completed (C:\\Users\\New\\AppData\\Local\\npm-cache\\_npx\\b8d86e6551a4f492\\node_modules\\jest-circus\\build\\jestAdapterInit.js:1559:28)\n    at new Promise (<anonymous>)\n    at callAsyncCircusFn (C:\\Users\\New\\AppData\\Local\\npm-cache\\_npx\\b8d86e6551a4f492\\node_modules\\jest-circus\\build\\jestAdapterInit.js:1499:10)\n    at _callCircusTest (C:\\Users\\New\\AppData\\Local\\npm-cache\\_npx\\b8d86e6551a4f492\\node_modules\\jest-circus\\build\\jestAdapterInit.js:1009:40)\n    at _runTest (C:\\Users\\New\\AppData\\Local\\npm-cache\\_npx\\b8d86e6551a4f492\\node_modules\\jest-circus\\build\\jestAdapterInit.js:949:3)\n    at _runTestsForDescribeBlock (C:\\Users\\New\\AppData\\Local\\npm-cache\\_npx\\b8d86e6551a4f492\\node_modules\\jest-circus\\build\\jestAdapterInit.js:839:13)\n    at _runTestsForDescribeBlock (C:\\Users\\New\\AppData\\Local\\npm-cache\\_npx\\b8d86e6551a4f492\\node_modules\\jest-circus\\build\\jestAdapterInit.js:829:11)\n    at run (C:\\Users\\New\\AppData\\Local\\npm-cache\\_npx\\b8d86e6551a4f492\\node_modules\\jest-circus\\build\\jestAdapterInit.js:757:3)\n    at runAndTransformResultsToJestFormat (C:\\Users\\New\\AppData\\Local\\npm-cache\\_npx\\b8d86e6551a4f492\\node_modules\\jest-circus\\build\\jestAdapterInit.js:1920:21)\n    at jestAdapter (C:\\Users\\New\\AppData\\Local\\npm-cache\\_npx\\b8d86e6551a4f492\\node_modules\\jest-circus\\build\\runner.js:101:19)\n    at runTestInternal (C:\\Users\\New\\AppData\\Local\\npm-cache\\_npx\\b8d86e6551a4f492\\node_modules\\jest-runner\\build\\testWorker.js:275:16)\n    at runTest (C:\\Users\\New\\AppData\\Local\\npm-cache\\_npx\\b8d86e6551a4f492\\node_modules\\jest-runner\\build\\testWorker.js:343:7)\n    at Object.worker (C:\\Users\\New\\AppData\\Local\\npm-cache\\_npx\\b8d86e6551a4f492\\node_modules\\jest-runner\\build\\testWorker.js:497:12)"],"fullName":"EditorToolbar Accessibility should have proper keyboard navigation","invocations":1,"location":null,"numPassingAsserts":20,"retryReasons":[],"startAt":1753353960354,"status":"failed","title":"should have proper keyboard navigation"},{"ancestorTitles":["EditorToolbar Accessibility"],"duration":28,"failing":false,"failureDetails":[],"failureMessages":[],"fullName":"EditorToolbar Accessibility should have accessible color pickers","invocations":1,"location":null,"numPassingAsserts":0,"retryReasons":[],"startAt":1753353960404,"status":"passed","title":"should have accessible color pickers"}],"endTime":1753353960475,"message":"\u001b[1m\u001b[31m  \u001b[1m● \u001b[22m\u001b[1mEditorToolbar Accessibility › should have no accessibility violations in desktop mode\u001b[39m\u001b[22m\n\n    \u001b[2mexpect(\u001b[22m\u001b[31mreceived\u001b[39m\u001b[2m).toHaveNoViolations(\u001b[22m\u001b[32mexpected\u001b[39m\u001b[2m)\u001b[22m\n\n    Expected the HTML found at $('select[title=\"Font size\"]') to have no violations:\n\n    \u001b[90m<select title=\"Font size\">\u001b[39m\n\n    Received:\n\n    \u001b[31m\"Form elements should have a visible label (label-title-only)\"\u001b[39m\n\n    \u001b[33mFix all of the following:\u001b[39m\n    \u001b[33m  Only title used to generate label for form element\u001b[39m\n\n    You can find more information on this issue here: \n    \u001b[34mhttps://dequeuniversity.com/rules/axe/4.10/label-title-only?application=axeAPI\u001b[39m\n\n    Expected the HTML found at $('select[title=\"Font family\"]') to have no violations:\n\n    \u001b[90m<select title=\"Font family\">\u001b[39m\n\n    Received:\n\n    \u001b[31m\"Form elements should have a visible label (label-title-only)\"\u001b[39m\n\n    \u001b[33mFix all of the following:\u001b[39m\n    \u001b[33m  Only title used to generate label for form element\u001b[39m\n\n    You can find more information on this issue here: \n    \u001b[34mhttps://dequeuniversity.com/rules/axe/4.10/label-title-only?application=axeAPI\u001b[39m\n\u001b[2m\u001b[22m\n\u001b[2m    \u001b[0m \u001b[90m 92 |\u001b[39m     \u001b[22m\n\u001b[2m     \u001b[90m 93 |\u001b[39m     \u001b[90m// Check for accessibility violations\u001b[39m\u001b[22m\n\u001b[2m    \u001b[31m\u001b[1m>\u001b[22m\u001b[2m\u001b[39m\u001b[90m 94 |\u001b[39m     expect(results)\u001b[33m.\u001b[39mtoHaveNoViolations()\u001b[33m;\u001b[39m\u001b[22m\n\u001b[2m     \u001b[90m    |\u001b[39m                     \u001b[31m\u001b[1m^\u001b[22m\u001b[2m\u001b[39m\u001b[22m\n\u001b[2m     \u001b[90m 95 |\u001b[39m   })\u001b[33m;\u001b[39m\u001b[22m\n\u001b[2m     \u001b[90m 96 |\u001b[39m   \u001b[22m\n\u001b[2m     \u001b[90m 97 |\u001b[39m   test(\u001b[32m'should have no accessibility violations in mobile mode'\u001b[39m\u001b[33m,\u001b[39m \u001b[36masync\u001b[39m () \u001b[33m=>\u001b[39m {\u001b[0m\u001b[22m\n\u001b[2m\u001b[22m\n\u001b[2m      \u001b[2mat toHaveNoViolations (\u001b[22m\u001b[2m\u001b[0m\u001b[36mEditorToolbar.a11y.test.tsx\u001b[39m\u001b[0m\u001b[2m:94:21)\u001b[22m\u001b[2m\u001b[22m\n\u001b[2m      \u001b[2mat Generator.call (\u001b[22m\u001b[2m\u001b[0m\u001b[36mEditorToolbar.a11y.test.tsx\u001b[39m\u001b[0m\u001b[2m:2:1)\u001b[22m\u001b[2m\u001b[22m\n\u001b[2m      \u001b[2mat Generator._invoke [as next] (\u001b[22m\u001b[2m\u001b[0m\u001b[36mEditorToolbar.a11y.test.tsx\u001b[39m\u001b[0m\u001b[2m:2:1)\u001b[22m\u001b[2m\u001b[22m\n\u001b[2m      \u001b[2mat asyncGeneratorStep (\u001b[22m\u001b[2m\u001b[0m\u001b[36mEditorToolbar.a11y.test.tsx\u001b[39m\u001b[0m\u001b[2m:2:1)\u001b[22m\u001b[2m\u001b[22m\n\u001b[2m      \u001b[2mat asyncGeneratorStep (\u001b[22m\u001b[2m\u001b[0m\u001b[36mEditorToolbar.a11y.test.tsx\u001b[39m\u001b[0m\u001b[2m:2:1)\u001b[22m\u001b[2m\u001b[22m\n\n\u001b[1m\u001b[31m  \u001b[1m● \u001b[22m\u001b[1mEditorToolbar Accessibility › should have proper keyboard navigation\u001b[39m\u001b[22m\n\n    \u001b[2mexpect(\u001b[22m\u001b[31mreceived\u001b[39m\u001b[2m).\u001b[22mtoBe\u001b[2m(\u001b[22m\u001b[32mexpected\u001b[39m\u001b[2m) // Object.is equality\u001b[22m\n\n    Expected: \u001b[32mtrue\u001b[39m\n    Received: \u001b[31mfalse\u001b[39m\n\u001b[2m\u001b[22m\n\u001b[2m    \u001b[0m \u001b[90m 236 |\u001b[39m     \u001b[22m\n\u001b[2m     \u001b[90m 237 |\u001b[39m     dropdowns\u001b[33m.\u001b[39mforEach(dropdown \u001b[33m=>\u001b[39m {\u001b[22m\n\u001b[2m    \u001b[31m\u001b[1m>\u001b[22m\u001b[2m\u001b[39m\u001b[90m 238 |\u001b[39m       expect(dropdown\u001b[33m.\u001b[39mhasAttribute(\u001b[32m'aria-label'\u001b[39m) \u001b[33m||\u001b[39m dropdown\u001b[33m.\u001b[39mhasAttribute(\u001b[32m'aria-labelledby'\u001b[39m))\u001b[33m.\u001b[39mtoBe(\u001b[36mtrue\u001b[39m)\u001b[33m;\u001b[39m\u001b[22m\n\u001b[2m     \u001b[90m     |\u001b[39m                                                                                               \u001b[31m\u001b[1m^\u001b[22m\u001b[2m\u001b[39m\u001b[22m\n\u001b[2m     \u001b[90m 239 |\u001b[39m     })\u001b[33m;\u001b[39m\u001b[22m\n\u001b[2m     \u001b[90m 240 |\u001b[39m   })\u001b[33m;\u001b[39m\u001b[22m\n\u001b[2m     \u001b[90m 241 |\u001b[39m   \u001b[0m\u001b[22m\n\u001b[2m\u001b[22m\n\u001b[2m      \u001b[2mat toBe (\u001b[22m\u001b[2m\u001b[0m\u001b[36mEditorToolbar.a11y.test.tsx\u001b[39m\u001b[0m\u001b[2m:238:95)\u001b[22m\u001b[2m\u001b[22m\n\u001b[2m          at Proxy.forEach (<anonymous>)\u001b[22m\n\u001b[2m      \u001b[2mat forEach (\u001b[22m\u001b[2m\u001b[0m\u001b[36mEditorToolbar.a11y.test.tsx\u001b[39m\u001b[0m\u001b[2m:237:15)\u001b[22m\u001b[2m\u001b[22m\n\u001b[2m      \u001b[2mat Generator.call (\u001b[22m\u001b[2m\u001b[0m\u001b[36mEditorToolbar.a11y.test.tsx\u001b[39m\u001b[0m\u001b[2m:2:1)\u001b[22m\u001b[2m\u001b[22m\n\u001b[2m      \u001b[2mat Generator._invoke [as next] (\u001b[22m\u001b[2m\u001b[0m\u001b[36mEditorToolbar.a11y.test.tsx\u001b[39m\u001b[0m\u001b[2m:2:1)\u001b[22m\u001b[2m\u001b[22m\n\u001b[2m      \u001b[2mat asyncGeneratorStep (\u001b[22m\u001b[2m\u001b[0m\u001b[36mEditorToolbar.a11y.test.tsx\u001b[39m\u001b[0m\u001b[2m:2:1)\u001b[22m\u001b[2m\u001b[22m\n\u001b[2m      \u001b[2mat asyncGeneratorStep (\u001b[22m\u001b[2m\u001b[0m\u001b[36mEditorToolbar.a11y.test.tsx\u001b[39m\u001b[0m\u001b[2m:2:1)\u001b[22m\u001b[2m\u001b[22m\n\u001b[2m      \u001b[2mat _next (\u001b[22m\u001b[2m\u001b[0m\u001b[36mEditorToolbar.a11y.test.tsx\u001b[39m\u001b[0m\u001b[2m:2:1)\u001b[22m\u001b[2m\u001b[22m\n\u001b[2m      \u001b[2mat Object.<anonymous> (\u001b[22m\u001b[2m\u001b[0m\u001b[36mEditorToolbar.a11y.test.tsx\u001b[39m\u001b[0m\u001b[2m:2:1)\u001b[22m\u001b[2m\u001b[22m\n","name":"D:\\BlogPro\\client\\src\\plugins\\texteditor\\__tests__\\EditorToolbar.a11y.test.tsx","startTime":1753353956875,"status":"failed","summary":""},{"assertionResults":[{"ancestorTitles":["OptimizedTextEditor"],"duration":503,"failing":false,"failureDetails":[{"name":"TestingLibraryElementError"}],"failureMessages":["TestingLibraryElementError: Unable to find an element with the text: Hello world. This could be because the text is broken up by multiple elements. In this case, you can provide a function for your text matcher to make your matcher more flexible.\n\nIgnored nodes: comments, script, style\n\u001b[36m<body>\u001b[39m\n  \u001b[36m<div>\u001b[39m\n    \u001b[36m<div\u001b[39m\n      \u001b[33mclass\u001b[39m=\u001b[32m\"undefined \"\u001b[39m\n    \u001b[36m>\u001b[39m\n      \u001b[36m<div\u001b[39m\n        \u001b[33mclass\u001b[39m=\u001b[32m\"undefined \"\u001b[39m\n      \u001b[36m>\u001b[39m\n        \u001b[36m<div>\u001b[39m\n          \u001b[36m<button\u001b[39m\n            \u001b[33maria-pressed\u001b[39m=\u001b[32m\"false\"\u001b[39m\n            \u001b[33mclass\u001b[39m=\u001b[32m\"undefined  \"\u001b[39m\n            \u001b[33mtitle\u001b[39m=\u001b[32m\"Bold\"\u001b[39m\n            \u001b[33mtype\u001b[39m=\u001b[32m\"button\"\u001b[39m\n          \u001b[36m>\u001b[39m\n            \u001b[36m<strong>\u001b[39m\n              \u001b[0mB\u001b[0m\n            \u001b[36m</strong>\u001b[39m\n          \u001b[36m</button>\u001b[39m\n          \u001b[36m<button\u001b[39m\n            \u001b[33maria-pressed\u001b[39m=\u001b[32m\"false\"\u001b[39m\n            \u001b[33mclass\u001b[39m=\u001b[32m\"undefined  \"\u001b[39m\n            \u001b[33mtitle\u001b[39m=\u001b[32m\"Italic\"\u001b[39m\n            \u001b[33mtype\u001b[39m=\u001b[32m\"button\"\u001b[39m\n          \u001b[36m>\u001b[39m\n            \u001b[36m<em>\u001b[39m\n              \u001b[0mI\u001b[0m\n            \u001b[36m</em>\u001b[39m\n          \u001b[36m</button>\u001b[39m\n          \u001b[36m<button\u001b[39m\n            \u001b[33maria-pressed\u001b[39m=\u001b[32m\"false\"\u001b[39m\n            \u001b[33mclass\u001b[39m=\u001b[32m\"undefined  \"\u001b[39m\n            \u001b[33mtitle\u001b[39m=\u001b[32m\"Underline\"\u001b[39m\n            \u001b[33mtype\u001b[39m=\u001b[32m\"button\"\u001b[39m\n          \u001b[36m>\u001b[39m\n            \u001b[36m<u>\u001b[39m\n              \u001b[0mU\u001b[0m\n            \u001b[36m</u>\u001b[39m\n          \u001b[36m</button>\u001b[39m\n          \u001b[36m<button\u001b[39m\n            \u001b[33maria-pressed\u001b[39m=\u001b[32m\"false\"\u001b[39m\n            \u001b[33mclass\u001b[39m=\u001b[32m\"undefined  \"\u001b[39m\n            \u001b[33mtitle\u001b[39m=\u001b[32m\"Strikethrough\"\u001b[39m\n            \u001b[33mtype\u001b[39m=\u001b[32m\"button\"\u001b[39m\n          \u001b[36m>\u001b[39m\n            \u001b[36m<s>\u001b[39m\n              \u001b[0mS\u001b[0m\n            \u001b[36m</s>\u001b[39m\n          \u001b[36m</button>\u001b[39m\n        \u001b[36m</div>\u001b[39m\n        \u001b[36m<div>\u001b[39m\n          \u001b[36m<select\u001b[39m\n            \u001b[33mtitle\u001b[39m=\u001b[32m\"Font size\"\u001b[39m\n          \u001b[36m>\u001b[39m\n            \u001b[36m<option\u001b[39m\n              \u001b[33mvalue\u001b[39m=\u001b[32m\"8px\"\u001b[39m\n            \u001b[36m>\u001b[39m\n              \u001b[0m8px\u001b[0m\n            \u001b[36m</option>\u001b[39m\n            \u001b[36m<option\u001b[39m\n              \u001b[33mvalue\u001b[39m=\u001b[32m\"9px\"\u001b[39m\n            \u001b[36m>\u001b[39m\n              \u001b[0m9px\u001b[0m\n            \u001b[36m</option>\u001b[39m\n            \u001b[36m<option\u001b[39m\n              \u001b[33mvalue\u001b[39m=\u001b[32m\"10px\"\u001b[39m\n            \u001b[36m>\u001b[39m\n              \u001b[0m10px\u001b[0m\n            \u001b[36m</option>\u001b[39m\n            \u001b[36m<option\u001b[39m\n              \u001b[33mvalue\u001b[39m=\u001b[32m\"11px\"\u001b[39m\n            \u001b[36m>\u001b[39m\n              \u001b[0m11px\u001b[0m\n            \u001b[36m</option>\u001b[39m\n            \u001b[36m<option\u001b[39m\n              \u001b[33mvalue\u001b[39m=\u001b[32m\"12px\"\u001b[39m\n            \u001b[36m>\u001b[39m\n              \u001b[0m12px\u001b[0m\n            \u001b[36m</option>\u001b[39m\n            \u001b[36m<option\u001b[39m\n              \u001b[33mvalue\u001b[39m=\u001b[32m\"14px\"\u001b[39m\n            \u001b[36m>\u001b[39m\n              \u001b[0m14px\u001b[0m\n            \u001b[36m</option>\u001b[39m\n            \u001b[36m<option\u001b[39m\n              \u001b[33mvalue\u001b[39m=\u001b[32m\"16px\"\u001b[39m\n            \u001b[36m>\u001b[39m\n              \u001b[0m16px\u001b[0m\n            \u001b[36m</option>\u001b[39m\n            \u001b[36m<option\u001b[39m\n              \u001b[33mvalue\u001b[39m=\u001b[32m\"18px\"\u001b[39m\n            \u001b[36m>\u001b[39m\n              \u001b[0m18px\u001b[0m\n            \u001b[36m</option>\u001b[39m\n            \u001b[36m<option\u001b[39m\n              \u001b[33mvalue\u001b[39m=\u001b[32m\"20px\"\u001b[39m\n            \u001b[36m>\u001b[39m\n              \u001b[0m20px\u001b[0m\n            \u001b[36m</option>\u001b[39m\n            \u001b[36m<option\u001b[39m\n              \u001b[33mvalue\u001b[39m=\u001b[32m\"24px\"\u001b[39m\n            \u001b[36m>\u001b[39m\n              \u001b[0m24px\u001b[0m\n            \u001b[36m</option>\u001b[39m\n            \u001b[36m<option\u001b[39m\n              \u001b[33mvalue\u001b[39m=\u001b[32m\"30px\"\u001b[39m\n            \u001b[36m>\u001b[39m\n              \u001b[0m30px\u001b[0m\n            \u001b[36m</option>\u001b[39m\n            \u001b[36m<option\u001b[39m\n              \u001b[33mvalue\u001b[39m=\u001b[32m\"36px\"\u001b[39m\n            \u001b[36m>\u001b[39m\n              \u001b[0m36px\u001b[0m\n            \u001b[36m</option>\u001b[39m\n            \u001b[36m<option\u001b[39m\n              \u001b[33mvalue\u001b[39m=\u001b[32m\"48px\"\u001b[39m\n            \u001b[36m>\u001b[39m\n              \u001b[0m48px\u001b[0m\n            \u001b[36m</option>\u001b[39m\n            \u001b[36m<option\u001b[39m\n              \u001b[33mvalue\u001b[39m=\u001b[32m\"60px\"\u001b[39m\n            \u001b[36m>\u001b[39m\n              \u001b[0m60px\u001b[0m\n            \u001b[36m</option>\u001b[39m\n            \u001b[36m<option\u001b[39m\n              \u001b[33mvalue\u001b[39m=\u001b[32m\"72px\"\u001b[39m\n            \u001b[36m>\u001b[39m\n              \u001b[0m72px\u001b[0m\n            \u001b[36m</option>\u001b[39m\n          \u001b[36m</select>\u001b[39m\n          \u001b[36m<select\u001b[39m\n            \u001b[33mtitle\u001b[39m=\u001b[32m\"Font family\"\u001b[39m\n          \u001b[36m>\u001b[39m\n            \u001b[36m<option\u001b[39m\n              \u001b[33mvalue\u001b[39m=\u001b[32m\"Arial\"\u001b[39m\n            \u001b[36m>\u001b[39m\n              \u001b[0mArial\u001b[0m\n            \u001b[36m</option>\u001b[39m\n            \u001b[36m<option\u001b[39m\n              \u001b[33mvalue\u001b[39m=\u001b[32m\"Calibri\"\u001b[39m\n            \u001b[36m>\u001b[39m\n              \u001b[0mCalibri\u001b[0m\n            \u001b[36m</option>\u001b[39m\n            \u001b[36m<option\u001b[39m\n              \u001b[33mvalue\u001b[39m=\u001b[32m\"Comic Sans MS\"\u001b[39m\n            \u001b[36m>\u001b[39m\n              \u001b[0mComic Sans MS\u001b[0m\n            \u001b[36m</option>\u001b[39m\n            \u001b[36m<option\u001b[39m\n              \u001b[33mvalue\u001b[39m=\u001b[32m\"Courier New\"\u001b[39m\n            \u001b[36m>\u001b[
[...]
e_modules/@babel/traverse/src/context.ts\u001b[2m:148:16)\u001b[22m\n      \u001b[2mat TraversalContext.visitQueue [as visitSingle] (\u001b[22mC:/Users/New/AppData/Local/npm-cache/_npx/b8d86e6551a4f492/node_modules/@babel/traverse/src/context.ts\u001b[2m:109:19)\u001b[22m\n      \u001b[2mat TraversalContext.visitSingle [as visit] (\u001b[22mC:/Users/New/AppData/Local/npm-cache/_npx/b8d86e6551a4f492/node_modules/@babel/traverse/src/context.ts\u001b[2m:180:19)\u001b[22m\n      \u001b[2mat visit (\u001b[22mC:/Users/New/AppData/Local/npm-cache/_npx/b8d86e6551a4f492/node_modules/@babel/traverse/src/traverse-node.ts\u001b[2m:208:17)\u001b[22m\n      \u001b[2mat traverse (\u001b[22mC:/Users/New/AppData/Local/npm-cache/_npx/b8d86e6551a4f492/node_modules/@babel/traverse/src/index.ts\u001b[2m:83:15)\u001b[22m\n      \u001b[2mat transformFile (\u001b[22mC:/Users/New/AppData/Local/npm-cache/_npx/b8d86e6551a4f492/node_modules/@babel/core/src/transformation/index.ts\u001b[2m:119:15)\u001b[22m\n          at transformFile.next (<anonymous>)\n      \u001b[2mat transformFile (\u001b[22mC:/Users/New/AppData/Local/npm-cache/_npx/b8d86e6551a4f492/node_modules/@babel/core/src/transformation/index.ts\u001b[2m:49:12)\u001b[22m\n          at run.next (<anonymous>)\n      \u001b[2mat transform (\u001b[22mC:/Users/New/AppData/Local/npm-cache/_npx/b8d86e6551a4f492/node_modules/@babel/core/src/transform.ts\u001b[2m:29:20)\u001b[22m\n          at transform.next (<anonymous>)\n      \u001b[2mat evaluateSync (\u001b[22mC:/Users/New/AppData/Local/npm-cache/_npx/b8d86e6551a4f492/node_modules/gensync/index.js\u001b[2m:251:28)\u001b[22m\n      \u001b[2mat sync (\u001b[22mC:/Users/New/AppData/Local/npm-cache/_npx/b8d86e6551a4f492/node_modules/gensync/index.js\u001b[2m:89:14)\u001b[22m\n      \u001b[2mat fn (\u001b[22mC:/Users/New/AppData/Local/npm-cache/_npx/b8d86e6551a4f492/node_modules/@babel/core/src/errors/rewrite-stack-trace.ts\u001b[2m:99:14)\u001b[22m\n      \u001b[2mat transformSync (\u001b[22mC:/Users/New/AppData/Local/npm-cache/_npx/b8d86e6551a4f492/node_modules/@babel/core/src/transform.ts\u001b[2m:66:52)\u001b[22m\n      \u001b[2mat ScriptTransformer.transformSource (\u001b[22mC:/Users/New/AppData/Local/npm-cache/_npx/b8d86e6551a4f492/node_modules/@jest/transform/build/index.js\u001b[2m:422:31)\u001b[22m\n      \u001b[2mat ScriptTransformer._transformAndBuildScript (\u001b[22mC:/Users/New/AppData/Local/npm-cache/_npx/b8d86e6551a4f492/node_modules/@jest/transform/build/index.js\u001b[2m:519:40)\u001b[22m\n      \u001b[2mat ScriptTransformer.transform (\u001b[22mC:/Users/New/AppData/Local/npm-cache/_npx/b8d86e6551a4f492/node_modules/@jest/transform/build/index.js\u001b[2m:558:19)\u001b[22m\n","name":"D:\\BlogPro\\client\\src\\plugins\\texteditor\\__tests__\\CommentsSystem.test.tsx","startTime":1753354017427,"status":"failed","summary":""},{"assertionResults":[],"coverage":{},"endTime":1753354017428,"message":"  \u001b[1m● \u001b[22mTest suite failed to run\n\n    ReferenceError: D:\\BlogPro\\client\\src\\plugins\\texteditor\\__tests__\\CollaborativeEditing.test.tsx: The module factory of `jest.mock()` is not allowed to reference any out-of-scope variables.\n    Invalid variable access: editorMock\n    Allowed objects: AbortController, AbortSignal, AggregateError, Array, ArrayBuffer, Atomics, BigInt, BigInt64Array, BigUint64Array, Blob, Boolean, BroadcastChannel, Buffer, ByteLengthQueuingStrategy, CompressionStream, CountQueuingStrategy, Crypto, CryptoKey, CustomEvent, DOMException, DataView, Date, DecompressionStream, Error, EvalError, Event, EventTarget, File, FinalizationRegistry, Float32Array, Float64Array, FormData, Function, Generator, GeneratorFunction, Headers, Infinity, Int16Array, Int32Array, Int8Array, InternalError, Intl, JSON, Map, Math, MessageChannel, MessageEvent, MessagePort, NaN, Number, Object, Performance, PerformanceEntry, PerformanceMark, PerformanceMeasure, PerformanceObserver, PerformanceObserverEntryList, PerformanceResourceTiming, Promise, Proxy, RangeError, ReadableByteStreamController, ReadableStream, ReadableStreamBYOBReader, ReadableStreamBYOBRequest, ReadableStreamDefaultController, ReadableStreamDefaultReader, ReferenceError, Reflect, RegExp, Request, Response, Set, SharedArrayBuffer, String, SubtleCrypto, Symbol, SyntaxError, TextDecoder, TextDecoderStream, TextEncoder, TextEncoderStream, TransformStream, TransformStreamDefaultController, TypeError, URIError, URL, URLSearchParams, Uint16Array, Uint32Array, Uint8Array, Uint8ClampedArray, WeakMap, WeakRef, WeakSet, WebAssembly, WritableStream, WritableStreamDefaultController, WritableStreamDefaultWriter, __dirname, __filename, arguments, atob, btoa, clearImmediate, clearInterval, clearTimeout, console, crypto, decodeURI, decodeURIComponent, encodeURI, encodeURIComponent, escape, eval, expect, exports, fetch, global, globalThis, isFinite, isNaN, jest, module, parseFloat, parseInt, performance, process, queueMicrotask, require, setImmediate, setInterval, setTimeout, structuredClone, undefined, unescape.\n    Note: This is a precaution to guard against uninitialized mock variables. If it is ensured that the mock is required lazily, variable names prefixed with `mock` (case insensitive) are permitted.\n\n    \u001b[0m \u001b[90m 24 |\u001b[39m \u001b[90m// Mock the hooks\u001b[39m\n     \u001b[90m 25 |\u001b[39m jest\u001b[33m.\u001b[39mmock(\u001b[32m'../hooks/useEditor'\u001b[39m\u001b[33m,\u001b[39m () \u001b[33m=>\u001b[39m ({\n    \u001b[31m\u001b[1m>\u001b[22m\u001b[39m\u001b[90m 26 |\u001b[39m   useEditor\u001b[33m:\u001b[39m () \u001b[33m=>\u001b[39m editorMock\n     \u001b[90m    |\u001b[39m                    \u001b[31m\u001b[1m^\u001b[22m\u001b[39m\u001b[31m\u001b[1m^\u001b[22m\u001b[39m\u001b[31m\u001b[1m^\u001b[22m\u001b[39m\u001b[31m\u001b[1m^\u001b[22m\u001b[39m\u001b[31m\u001b[1m^\u001b[22m\u001b[39m\u001b[31m\u001b[1m^\u001b[22m\u001b[39m\u001b[31m\u001b[1m^\u001b[22m\u001b[39m\u001b[31m\u001b[1m^\u001b[22m\u001b[39m\u001b[31m\u001b[1m^\u001b[22m\u001b[39m\u001b[31m\u001b[1m^\u001b[22m\u001b[39m\n     \u001b[90m 27 |\u001b[39m }))\u001b[33m;\u001b[39m\n     \u001b[90m 28 |\u001b[39m\n     \u001b[90m 29 |\u001b[39m jest\u001b[33m.\u001b[39mmock(\u001b[32m'../hooks/useWebSocketService'\u001b[39m\u001b[33m,\u001b[39m () \u001b[33m=>\u001b[39m ({\u001b[0m\n\n      \u001b[2mat File.buildCodeFrameError (\u001b[22mC:/Users/New/AppData/Local/npm-cache/_npx/b8d86e6551a4f492/node_modules/@babel/core/src/transformation/file/file.ts\u001b[2m:256:12)\u001b[22m\n      \u001b[2mat NodePath.buildError [as buildCodeFrameError] (\u001b[22mC:/Users/New/AppData/Local/npm-cache/_npx/b8d86e6551a4f492/node_modules/@babel/traverse/src/path/index.ts\u001b[2m:142:21)\u001b[22m\n      \u001b[2mat call (\u001b[22mC:/Users/New/AppData/Local/npm-cache/_npx/b8d86e6551a4f492/node_modules/@babel/traverse/src/visitors.ts\u001b[2m:303:14)\u001b[22m\n      \u001b[2mat NodePath.call [as _call] (\u001b[22mC:/Users/New/AppData/Local/npm-cache/_npx/b8d86e6551a4f492/node_modules/@babel/traverse/src/path/context.ts\u001b[2m:36:20)\u001b[22m\n      \u001b[2mat NodePath.call (\u001b[22mC:/Users/New/AppData/Local/npm-cache/_npx/b8d86e6551a4f492/node_modules/@babel/traverse/src/path/context.ts\u001b[2m:21:18)\u001b[22m\n      \u001b[2mat NodePath.call [as visit] (\u001b[22mC:/Users/New/AppData/Local/npm-cache/_npx/b8d86e6551a4f492/node_modules/@babel/traverse/src/path/context.ts\u001b[2m:97:31)\u001b[22m\n      \u001b[2mat TraversalContext.visit [as visitQueue] (\u001b[22mC:/Users/New/AppData/Local/npm-cache/_npx/b8d86e6551a4f492/node_modules/@babel/traverse/src/context.ts\u001b[2m:148:16)\u001b[22m\n      \u001b[2mat TraversalContext.visitQueue [as visitMultiple] (\u001b[22mC:/Users/New/AppData/Local/npm-cache/_npx/b8d86e6551a4f492/node_modules/@babel/traverse/src/context.ts\u001b[2m:99:17)\u001b[22m\n      \u001b[2mat TraversalContext.visitMultiple [as visit] (\u001b[22mC:/Users/New/AppData/Local/npm-cache/_npx/b8d86e6551a4f492/node_modules/@babel/traverse/src/context.ts\u001b[2m:178:19)\u001b[22m\n      \u001b[2mat visit (\u001b[22mC:/Users/New/AppData/Local/npm-cache/_npx/b8d86e6551a4f492/node_modules/@babel/traverse/src/traverse-node.ts\u001b[2m:208:17)\u001b[22m\n      \u001b[2mat NodePath.visit (\u001b[22mC:/Users/New/AppData/Local/npm-cache/_npx/b8d86e6551a4f492/node_modules/@babel/traverse/src/path/context.ts\u001b[2m:104:33)\u001b[22m\n      \u001b[2mat TraversalContext.visit [as visitQueue] (\u001b[22mC:/Users/New/AppData/Local/npm-cache/_npx/b8d86e6551a4f492/node_modules/@babel/traverse/src/context.ts\u001b[2m:148:16)\u001b[22m\n      \u001b[2mat TraversalContext.visitQueue [as visitSingle] (\u001b[22mC:/Users/New/AppData/Local/npm-cache/_npx/b8d86e6551a4f492/node_modules/@babel/traverse/src/context.ts\u001b[2m:109:19)\u001b[22m\n      \u001b[2mat TraversalContext.visitSingle [as visit] (\u001b[22mC:/Users/New/AppData/Local/npm-cache/_npx/b8d86e6551a4f492/node_modules/@babel/traverse/src/context.ts\u001b[2m:180:19)\u001b[22m\n      \u001b[2mat visit (\u001b[22mC:/Users/New/AppData/Local/npm-cache/_npx/b8d86e6551a4f492/node_modules/@babel/traverse/src/traverse-node.ts\u001b[2m:208:17)\u001b[22m\n      \u001b[2mat traverse (\u001b[22mC:/Users/New/AppData/Local/npm-cache/_npx/b8d86e6551a4f492/node_modules/@babel/traverse/src/index.ts\u001b[2m:83:15)\u001b[22m\n      \u001b[2mat transformFile (\u001b[22mC:/Users/New/AppData/Local/npm-cache/_npx/b8d86e6551a4f492/node_modules/@babel/core/src/transformation/index.ts\u001b[2m:119:15)\u001b[22m\n          at transformFile.next (<anonymous>)\n      \u001b[2mat transformFile (\u001b[22mC:/Users/New/AppData/Local/npm-cache/_npx/b8d86e6551a4f492/node_modules/@babel/core/src/transformation/index.ts\u001b[2m:49:12)\u001b[22m\n          at run.next (<anonymous>)\n      \u001b[2mat transform (\u001b[22mC:/Users/New/AppData/Local/npm-cache/_npx/b8d86e6551a4f492/node_modules/@babel/core/src/transform.ts\u001b[2m:29:20)\u001b[22m\n          at transform.next (<anonymous>)\n      \u001b[2mat evaluateSync (\u001b[22mC:/Users/New/AppData/Local/npm-cache/_npx/b8d86e6551a4f492/node_modules/gensync/index.js\u001b[2m:251:28)\u001b[22m\n      \u001b[2mat sync (\u001b[22mC:/Users/New/AppData/Local/npm-cache/_npx/b8d86e6551a4f492/node_modules/gensync/index.js\u001b[2m:89:14)\u001b[22m\n      \u001b[2mat fn (\u001b[22mC:/Users/New/AppData/Local/npm-cache/_npx/b8d86e6551a4f492/node_modules/@babel/core/src/errors/rewrite-stack-trace.ts\u001b[2m:99:14)\u001b[22m\n      \u001b[2mat transformSync (\u001b[22mC:/Users/New/AppData/Local/npm-cache/_npx/b8d86e6551a4f492/node_modules/@babel/core/src/transform.ts\u001b[2m:66:52)\u001b[22m\n      \u001b[2mat ScriptTransformer.transformSource (\u001b[22mC:/Users/New/AppData/Local/npm-cache/_npx/b8d86e6551a4f492/node_modules/@jest/transform/build/index.js\u001b[2m:422:31)\u001b[22m\n      \u001b[2mat ScriptTransformer._transformAndBuildScript (\u001b[22mC:/Users/New/AppData/Local/npm-cache/_npx/b8d86e6551a4f492/node_modules/@jest/transform/build/index.js\u001b[2m:519:40)\u001b[22m\n      \u001b[2mat ScriptTransformer.transform (\u001b[22mC:/Users/New/AppData/Local/npm-cache/_npx/b8d86e6551a4f492/node_modules/@jest/transform/build/index.js\u001b[2m:558:19)\u001b[22m\n","name":"D:\\BlogPro\\client\\src\\plugins\\texteditor\\__tests__\\CollaborativeEditing.test.tsx","startTime":1753354017428,"status":"failed","summary":""},{"assertionResults":[],"coverage":{},"endTime":1753354017428,"message":"  \u001b[1m● \u001b[22mTest suite failed to run\n\n    ReferenceError: D:\\BlogPro\\client\\src\\plugins\\texteditor\\__tests__\\CharacterLevelFormatting.test.tsx: The module factory of `jest.mock()` is not allowed to reference any out-of-scope variables.\n    Invalid variable access: editorMock\n    Allowed objects: AbortController, AbortSignal, AggregateError, Array, ArrayBuffer, Atomics, BigInt, BigInt64Array, BigUint64Array, Blob, Boolean, BroadcastChannel, Buffer, ByteLengthQueuingStrategy, CompressionStream, CountQueuingStrategy, Crypto, CryptoKey, CustomEvent, DOMException, DataView, Date, DecompressionStream, Error, EvalError, Event, EventTarget, File, FinalizationRegistry, Float32Array, Float64Array, FormData, Function, Generator, GeneratorFunction, Headers, Infinity, Int16Array, Int32Array, Int8Array, InternalError, Intl, JSON, Map, Math, MessageChannel, MessageEvent, MessagePort, NaN, Number, Object, Performance, PerformanceEntry, PerformanceMark, PerformanceMeasure, PerformanceObserver, PerformanceObserverEntryList, PerformanceResourceTiming, Promise, Proxy, RangeError, ReadableByteStreamController, ReadableStream, ReadableStreamBYOBReader, ReadableStreamBYOBRequest, ReadableStreamDefaultController, ReadableStreamDefaultReader, ReferenceError, Reflect, RegExp, Request, Response, Set, SharedArrayBuffer, String, SubtleCrypto, Symbol, SyntaxError, TextDecoder, TextDecoderStream, TextEncoder, TextEncoderStream, TransformStream, TransformStreamDefaultController, TypeError, URIError, URL, URLSearchParams, Uint16Array, Uint32Array, Uint8Array, Uint8ClampedArray, WeakMap, WeakRef, WeakSet, WebAssembly, WritableStream, WritableStreamDefaultController, WritableStreamDefaultWriter, __dirname, __filename, arguments, atob, btoa, clearImmediate, clearInterval, clearTimeout, console, crypto, decodeURI, decodeURIComponent, encodeURI, encodeURIComponent, escape, eval, expect, exports, fetch, global, globalThis, isFinite, isNaN, jest, module, parseFloat, parseInt, performance, process, queueMicrotask, require, setImmediate, setInterval, setTimeout, structuredClone, undefined, unescape.\n    Note: This is a precaution to guard against uninitialized mock variables. If it is ensured that the mock is required lazily, variable names prefixed with `mock` (case insensitive) are permitted.\n\n    \u001b[0m \u001b[90m 23 |\u001b[39m \u001b[90m// Mock the useEditor hook with our improved mock factory\u001b[39m\n     \u001b[90m 24 |\u001b[39m jest\u001b[33m.\u001b[39mmock(\u001b[32m'../hooks/useEditor'\u001b[39m\u001b[33m,\u001b[39m () \u001b[33m=>\u001b[39m ({\n    \u001b[31m\u001b[1m>\u001b[22m\u001b[39m\u001b[90m 25 |\u001b[39m   useEditor\u001b[33m:\u001b[39m () \u001b[33m=>\u001b[39m editorMock\n     \u001b[90m    |\u001b[39m                    \u001b[31m\u001b[1m^\u001b[22m\u001b[39m\u001b[31m\u001b[1m^\u001b[22m\u001b[39m\u001b[31m\u001b[1m^\u001b[22m\u001b[39m\u001b[31m\u001b[1m^\u001b[22m\u001b[39m\u001b[31m\u001b[1m^\u001b[22m\u001b[39m\u001b[31m\u001b[1m^\u001b[22m\u001b[39m\u001b[31m\u001b[1m^\u001b[22m\u001b[39m\u001b[31m\u001b[1m^\u001b[22m\u001b[39m\u001b[31m\u001b[1m^\u001b[22m\u001b[39m\u001b[31m\u001b[1m^\u001b[22m\u001b[39m\n     \u001b[90m 26 |\u001b[39m }))\u001b[33m;\u001b[39m\n     \u001b[90m 27 |\u001b[39m\n     \u001b[90m 28 |\u001b[39m \u001b[90m// Mock color picker component\u001b[39m\u001b[0m\n\n      \u001b[2mat File.buildCodeFrameError (\u001b[22mC:/Users/New/AppData/Local/npm-cache/_npx/b8d86e6551a4f492/node_modules/@babel/core/src/transformation/file/file.ts\u001b[2m:256:12)\u001b[22m\n      \u001b[2mat NodePath.buildError [as buildCodeFrameError] (\u001b[22mC:/Users/New/AppData/Local/npm-cache/_npx/b8d86e6551a4f492/node_modules/@babel/traverse/src/path/index.ts\u001b[2m:142:21)\u001b[22m\n      \u001b[2mat call (\u001b[22mC:/Users/New/AppData/Local/npm-cache/_npx/b8d86e6551a4f492/node_modules/@babel/traverse/src/visitors.ts\u001b[2m:303:14)\u001b[22m\n      \u001b[2mat NodePath.call [as _call] (\u001b[22mC:/Users/New/AppData/Local/npm-cache/_npx/b8d86e6551a4f492/node_modules/@babel/traverse/src/path/context.ts\u001b[2m:36:20)\u001b[22m\n      \u001b[2mat NodePath.call (\u001b[22mC:/Users/New/AppData/Local/npm-cache/_npx/b8d86e6551a4f492/node_modules/@babel/traverse/src/path/context.ts\u001b[2m:21:18)\u001b[22m\n      \u001b[2mat NodePath.call [as visit] (\u001b[22mC:/Users/New/AppData/Local/npm-cache/_npx/b8d86e6551a4f492/node_modules/@babel/traverse/src/path/context.ts\u001b[2m:97:31)\u001b[22m\n      \u001b[2mat TraversalContext.visit [as visitQueue] (\u001b[22mC:/Users/New/AppData/Local/npm-cache/_npx/b8d86e6551a4f492/node_modules/@babel/traverse/src/context.ts\u001b[2m:148:16)\u001b[22m\n      \u001b[2mat TraversalContext.visitQueue [as visitMultiple] (\u001b[22mC:/Users/New/AppData/Local/npm-cache/_npx/b8d86e6551a4f492/node_modules/@babel/traverse/src/context.ts\u001b[2m:99:17)\u001b[22m\n      \u001b[2mat TraversalContext.visitMultiple [as visit] (\u001b[22mC:/Users/New/AppData/Local/npm-cache/_npx/b8d86e6551a4f492/node_modules/@babel/traverse/src/context.ts\u001b[2m:178:19)\u001b[22m\n      \u001b[2mat visit (\u001b[22mC:/Users/New/AppData/Local/npm-cache/_npx/b8d86e6551a4f492/node_modules/@babel/traverse/src/traverse-node.ts\u001b[2m:208:17)\u001b[22m\n      \u001b[2mat NodePath.visit (\u001b[22mC:/Users/New/AppData/Local/npm-cache/_npx/b8d86e6551a4f492/node_modules/@babel/traverse/src/path/context.ts\u001b[2m:104:33)\u001b[22m\n      \u001b[2mat TraversalContext.visit [as visitQueue] (\u001b[22mC:/Users/New/AppData/Local/npm-cache/_npx/b8d86e6551a4f492/node_modules/@babel/traverse/src/context.ts\u001b[2m:148:16)\u001b[22m\n      \u001b[2mat TraversalContext.visitQueue [as visitSingle] (\u001b[22mC:/Users/New/AppData/Local/npm-cache/_npx/b8d86e6551a4f492/node_modules/@babel/traverse/src/context.ts\u001b[2m:109:19)\u001b[22m\n      \u001b[2mat TraversalContext.visitSingle [as visit] (\u001b[22mC:/Users/New/AppData/Local/npm-cache/_npx/b8d86e6551a4f492/node_modules/@babel/traverse/src/context.ts\u001b[2m:180:19)\u001b[22m\n      \u001b[2mat visit (\u001b[22mC:/Users/New/AppData/Local/npm-cache/_npx/b8d86e6551a4f492/node_modules/@babel/traverse/src/traverse-node.ts\u001b[2m:208:17)\u001b[22m\n      \u001b[2mat traverse (\u001b[22mC:/Users/New/AppData/Local/npm-cache/_npx/b8d86e6551a4f492/node_modules/@babel/traverse/src/index.ts\u001b[2m:83:15)\u001b[22m\n      \u001b[2mat transformFile (\u001b[22mC:/Users/New/AppData/Local/npm-cache/_npx/b8d86e6551a4f492/node_modules/@babel/core/src/transformation/index.ts\u001b[2m:119:15)\u001b[22m\n          at transformFile.next (<anonymous>)\n      \u001b[2mat transformFile (\u001b[22mC:/Users/New/AppData/Local/npm-cache/_npx/b8d86e6551a4f492/node_modules/@babel/core/src/transformation/index.ts\u001b[2m:49:12)\u001b[22m\n          at run.next (<anonymous>)\n      \u001b[2mat transform (\u001b[22mC:/Users/New/AppData/Local/npm-cache/_npx/b8d86e6551a4f492/node_modules/@babel/core/src/transform.ts\u001b[2m:29:20)\u001b[22m\n          at transform.next (<anonymous>)\n      \u001b[2mat evaluateSync (\u001b[22mC:/Users/New/AppData/Local/npm-cache/_npx/b8d86e6551a4f492/node_modules/gensync/index.js\u001b[2m:251:28)\u001b[22m\n      \u001b[2mat sync (\u001b[22mC:/Users/New/AppData/Local/npm-cache/_npx/b8d86e6551a4f492/node_modules/gensync/index.js\u001b[2m:89:14)\u001b[22m\n      \u001b[2mat fn (\u001b[22mC:/Users/New/AppData/Local/npm-cache/_npx/b8d86e6551a4f492/node_modules/@babel/core/src/errors/rewrite-stack-trace.ts\u001b[2m:99:14)\u001b[22m\n      \u001b[2mat transformSync (\u001b[22mC:/Users/New/AppData/Local/npm-cache/_npx/b8d86e6551a4f492/node_modules/@babel/core/src/transform.ts\u001b[2m:66:52)\u001b[22m\n      \u001b[2mat ScriptTransformer.transformSource (\u001b[22mC:/Users/New/AppData/Local/npm-cache/_npx/b8d86e6551a4f492/node_modules/@jest/transform/build/index.js\u001b[2m:422:31)\u001b[22m\n      \u001b[2mat ScriptTransformer._transformAndBuildScript (\u001b[22mC:/Users/New/AppData/Local/npm-cache/_npx/b8d86e6551a4f492/node_modules/@jest/transform/build/index.js\u001b[2m:519:40)\u001b[22m\n      \u001b[2mat ScriptTransformer.transform (\u001b[22mC:/Users/New/AppData/Local/npm-cache/_npx/b8d86e6551a4f492/node_modules/@jest/transform/build/index.js\u001b[2m:558:19)\u001b[22m\n","name":"D:\\BlogPro\\client\\src\\plugins\\texteditor\\__tests__\\CharacterLevelFormatting.test.tsx","startTime":1753354017428,"status":"failed","summary":""}],"wasInterrupted":false,"coverageMap":{}}
